PRT1
93
277
4 0 5 (-297 -297 428) (-297 297 428) (-281 297 428) (-281 -297 428) 
4 0 4 (281 -281 428) (281 -297 428) (-281 -297 428) (-281 -281 428) 
4 0 3 (249 -249 428) (-249 -249 428) (-249 249 428) (249 249 428) 
4 0 2 (-281 297 428) (281 297 428) (281 281 428) (-281 281 428) 
4 0 1 (281 297 428) (297 297 428) (297 -297 428) (281 -297 428) 
4 1 4 (281 -281 416) (281 -297 416) (281 -297 428) (281 -281 428) 
4 1 2 (281 297 416) (281 281 416) (281 281 428) (281 297 428) 
4 2 5 (-281 297 416) (-281 281 416) (-281 281 428) (-281 297 428) 
4 4 5 (-281 -281 416) (-281 -297 416) (-281 -297 428) (-281 -281 428) 
4 6 41 (59 281 416) (59 281 308) (59 249 308) (59 249 416) 
4 6 19 (59 249 416) (59 249 308) (107 249 308) (107 249 416) 
4 6 18 (107 249 308) (249 249 308) (249 249 416) (107 249 416) 
4 6 10 (249 249 308) (281 249 308) (281 249 416) (249 249 416) 
4 7 42 (59 281 296) (59 281 188) (59 249 188) (59 249 296) 
4 7 19 (59 249 296) (59 249 188) (107 249 188) (107 249 296) 
4 7 18 (107 249 188) (249 249 188) (249 249 296) (107 249 296) 
4 7 11 (249 249 188) (281 249 188) (281 249 296) (249 249 296) 
4 8 43 (59 281 176) (59 281 68) (59 249 68) (59 249 176) 
4 8 19 (59 249 176) (59 249 68) (107 249 68) (107 249 176) 
4 8 18 (107 249 68) (249 249 68) (249 249 176) (107 249 176) 
4 8 12 (249 249 68) (281 249 68) (281 249 176) (249 249 176) 
4 9 44 (59 281 56) (59 281 -52) (59 249 -52) (59 249 56) 
4 9 19 (59 249 56) (59 249 -52) (107 249 -52) (107 249 56) 
4 9 18 (107 249 -52) (249 249 -52) (249 249 56) (107 249 56) 
4 9 14 (249 249 -52) (257 249 -52) (257 249 56) (249 249 56) 
4 9 13 (257 249 -52) (281 249 -52) (281 249 56) (257 249 56) 
4 10 89 (281 -249 308) (281 -249 416) (249 -249 416) (249 -249 308) 
4 10 31 (249 -59 308) (249 -249 308) (249 -249 416) (249 -59 416) 
4 10 29 (249 18 308) (249 -59 308) (249 -59 416) (249 18 416) 
4 10 21 (249 114 308) (249 18 308) (249 18 416) (249 114 416) 
4 10 20 (249 176 308) (249 114 308) (249 114 416) (249 176 416) 
4 10 18 (249 249 416) (249 249 308) (249 176 308) (249 176 416) 
4 11 90 (281 -249 188) (281 -249 296) (249 -249 296) (249 -249 188) 
4 11 31 (249 -59 188) (249 -249 188) (249 -249 296) (249 -59 296) 
4 11 29 (249 18 188) (249 -59 188) (249 -59 296) (249 18 296) 
4 11 21 (249 114 188) (249 18 188) (249 18 296) (249 114 296) 
4 11 20 (249 176 188) (249 114 188) (249 114 296) (249 176 296) 
4 11 18 (249 249 296) (249 249 188) (249 176 188) (249 176 296) 
4 12 91 (281 -249 68) (281 -249 176) (249 -249 176) (249 -249 68) 
4 12 31 (249 -59 68) (249 -249 68) (249 -249 176) (249 -59 176) 
4 12 29 (249 18 68) (249 -59 68) (249 -59 176) (249 18 176) 
4 12 21 (249 114 68) (249 18 68) (249 18 176) (249 114 176) 
4 12 20 (249 176 68) (249 114 68) (249 114 176) (249 176 176) 
4 12 18 (249 249 176) (249 249 68) (249 176 68) (249 176 176) 
4 13 92 (281 -249 -52) (281 -249 56) (257 -249 56) (257 -249 -52) 
4 13 17 (257 18 -52) (257 -249 -52) (257 -249 56) (257 18 56) 
4 13 16 (257 114 -52) (257 18 -52) (257 18 32) (257 114 32) 
4 13 15 (257 18 40) (257 18 56) (257 114 56) (257 114 40) 
4 13 14 (257 249 -52) (257 114 -52) (257 114 56) (257 249 56) 
4 14 20 (249 176 -52) (249 114 -52) (249 114 56) (249 176 56) 
4 14 18 (249 249 56) (249 249 -52) (249 176 -52) (249 176 56) 
4 14 16 (249 114 -52) (257 114 -52) (257 114 32) (249 114 32) 
4 14 15 (257 114 40) (257 114 56) (249 114 56) (249 114 40) 
4 15 21 (249 18 40) (249 18 56) (249 114 56) (249 114 40) 
4 15 17 (257 18 40) (257 18 56) (249 18 56) (249 18 40) 
4 16 22 (249 114 -52) (249 18 -52) (249 18 32) (249 114 32) 
4 16 17 (249 18 -52) (257 18 -52) (257 18 32) (249 18 32) 
4 17 92 (257 -249 56) (249 -249 56) (249 -249 -52) (257 -249 -52) 
4 17 31 (249 -59 -52) (249 -249 -52) (249 -249 56) (249 -59 56) 
4 17 29 (249 18 -52) (249 -59 -52) (249 -59 56) (249 18 56) 
4 18 20 (107 176 -64) (249 176 -64) (249 176 416) (107 176 416) 
4 18 19 (107 249 416) (107 249 -64) (107 224 -64) (107 224 416) 
4 19 45 (59 249 -64) (59 224 -64) (59 224 416) (59 249 416) 
4 20 30 (65 176 416) (65 176 -64) (65 114 -64) (65 114 416) 
4 20 28 (65 114 32) (65 114 -64) (176 114 -64) (176 114 32) 
4 20 27 (65 114 416) (65 114 40) (176 114 40) (176 114 416) 
4 20 24 (176 114 -64) (224 114 -64) (224 114 32) (176 114 32) 
4 20 23 (224 114 40) (224 114 416) (176 114 416) (176 114 40) 
4 20 22 (224 114 -64) (249 114 -64) (249 114 32) (224 114 32) 
4 20 21 (249 114 40) (249 114 416) (224 114 416) (224 114 40) 
4 21 29 (249 18 40) (249 18 416) (224 18 416) (224 18 40) 
4 21 25 (224 59 40) (224 18 40) (224 18 416) (224 59 416) 
4 21 23 (224 114 416) (224 114 40) (224 107 40) (224 107 416) 
4 22 29 (224 18 -64) (249 18 -64) (249 18 32) (224 18 32) 
4 22 26 (224 59 -64) (224 18 -64) (224 18 32) (224 59 32) 
4 22 24 (224 114 32) (224 114 -64) (224 107 -64) (224 107 32) 
4 23 27 (176 114 416) (176 114 40) (176 107 40) (176 107 416) 
4 24 28 (176 114 32) (176 114 -64) (176 107 -64) (176 107 32) 
4 25 29 (224 18 40) (224 18 416) (176 18 416) (176 18 40) 
4 25 27 (176 18 40) (176 18 416) (176 59 416) (176 59 40) 
4 26 29 (176 18 -64) (224 18 -64) (224 18 32) (176 18 32) 
4 26 28 (176 59 -64) (176 18 -64) (176 18 32) (176 59 32) 
4 27 30 (65 18 40) (65 18 416) (65 114 416) (65 114 40) 
4 27 29 (65 18 416) (65 18 40) (176 18 40) (176 18 416) 
4 28 30 (65 114 -64) (65 18 -64) (65 18 32) (65 114 32) 
4 28 29 (65 18 32) (65 18 -64) (176 18 -64) (176 18 32) 
4 29 34 (65 -59 -64) (162 -59 -64) (162 -59 416) (65 -59 416) 
4 29 33 (162 -59 -64) (176 -59 -64) (176 -59 416) (162 -59 416) 
4 29 31 (224 -59 -64) (249 -59 -64) (249 -59 416) (224 -59 416) 
4 29 30 (65 18 -64) (65 -59 -64) (65 -59 416) (65 18 416) 
4 30 63 (59 -48 -64) (59 -59 -64) (59 -59 416) (59 -48 416) 
4 30 59 (59 59 -64) (59 -48 -64) (59 -48 416) (59 59 416) 
4 30 46 (59 176 -64) (59 59 -64) (59 59 416) (59 176 416) 
4 30 34 (59 -59 416) (59 -59 -64) (65 -59 -64) (65 -59 416) 
4 31 92 (249 -249 -52) (249 -249 56) (224 -249 56) (224 -249 -52) 
4 31 91 (249 -249 68) (249 -249 176) (224 -249 176) (224 -249 68) 
4 31 90 (249 -249 188) (249 -249 296) (224 -249 296) (224 -249 188) 
4 31 89 (249 -249 308) (249 -249 416) (224 -249 416) (224 -249 308) 
4 31 32 (224 -107 -64) (224 -249 -64) (224 -249 416) (224 -107 416) 
4 32 92 (224 -249 -52) (224 -249 56) (176 -249 56) (176 -249 -52) 
4 32 91 (224 -249 68) (224 -249 176) (176 -249 176) (176 -249 68) 
4 32 90 (224 -249 188) (224 -249 296) (176 -249 296) (176 -249 188) 
4 32 89 (224 -249 308) (224 -249 416) (176 -249 416) (176 -249 308) 
4 32 40 (176 -224 -64) (176 -249 -64) (176 -249 416) (176 -224 416) 
4 32 33 (176 -107 -64) (176 -224 -64) (176 -224 416) (176 -107 416) 
4 33 40 (162 -224 -64) (176 -224 -64) (176 -224 416) (162 -224 416) 
4 33 39 (162 -209 -64) (162 -224 -64) (162 -224 416) (162 -209 416) 
4 33 36 (162 -113 -64) (162 -209 -64) (162 -209 320) (162 -113 320) 
4 33 35 (162 -209 328) (162 -209 416) (162 -113 416) (162 -113 328) 
4 33 34 (162 -59 416) (162 -59 -64) (162 -113 -64) (162 -113 416) 
4 34 63 (59 -59 -64) (59 -113 -64) (59 -113 416) (59 -59 416) 
4 34 38 (59 -113 320) (59 -113 -64) (107 -113 -64) (107 -113 320) 
4 34 37 (59 -113 416) (59 -113 328) (107 -113 328) (107 -113 416) 
4 34 36 (107 -113 -64) (162 -113 -64) (162 -113 320) (107 -113 320) 
4 34 35 (162 -113 328) (162 -113 416) (107 -113 416) (107 -113 328) 
4 35 39 (162 -209 328) (162 -209 416) (107 -209 416) (107 -209 328) 
4 35 37 (107 -113 416) (107 -113 328) (107 -176 328) (107 -176 416) 
4 36 39 (107 -209 -64) (162 -209 -64) (162 -209 320) (107 -209 320) 
4 36 38 (107 -113 320) (107 -113 -64) (107 -176 -64) (107 -176 320) 
4 37 64 (59 -176 416) (59 -113 416) (59 -113 328) (59 -176 328) 
4 38 65 (59 -113 -64) (59 -176 -64) (59 -176 320) (59 -113 320) 
4 39 40 (107 -224 -64) (162 -224 -64) (162 -224 416) (107 -224 416) 
4 40 92 (176 -249 -52) (176 -249 56) (59 -249 56) (59 -249 -52) 
4 40 91 (176 -249 68) (176 -249 176) (59 -249 176) (59 -249 68) 
4 40 90 (176 -249 188) (176 -249 296) (59 -249 296) (59 -249 188) 
4 40 89 (176 -249 308) (176 -249 416) (59 -249 416) (59 -249 308) 
4 40 66 (59 -224 -64) (59 -249 -64) (59 -249 416) (59 -224 416) 
4 41 81 (-281 249 416) (-281 249 308) (-249 249 308) (-249 249 416) 
4 41 58 (-249 249 308) (-224 249 308) (-224 249 416) (-249 249 416) 
4 41 57 (-224 249 308) (-176 249 308) (-176 249 416) (-224 249 416) 
4 41 45 (-176 249 308) (59 249 308) (59 249 416) (-176 249 416) 
4 42 86 (-281 249 296) (-281 249 188) (-257 249 188) (-257 249 296) 
4 42 82 (-257 249 188) (-249 249 188) (-249 249 296) (-257 249 296) 
4 42 58 (-249 249 188) (-224 249 188) (-224 249 296) (-249 249 296) 
4 42 57 (-224 249 188) (-176 249 188) (-176 249 296) (-224 249 296) 
4 42 45 (-176 249 188) (59 249 188) (59 249 296) (-176 249 296) 
4 43 87 (-281 249 176) (-281 249 68) (-249 249 68) (-249 249 176) 
4 43 58 (-249 249 68) (-224 249 68) (-224 249 176) (-249 249 176) 
4 43 57 (-224 249 68) (-176 249 68) (-176 249 176) (-224 249 176) 
4 43 45 (-176 249 68) (59 249 68) (59 249 176) (-176 249 176) 
4 44 88 (-281 249 56) (-281 249 -52) (-249 249 -52) (-249 249 56) 
4 44 58 (-249 249 -52) (-224 249 -52) (-224 249 56) (-249 249 56) 
4 44 57 (-224 249 -52) (-176 249 -52) (-176 249 56) (-224 249 56) 
4 44 45 (-176 249 -52) (59 249 -52) (59 249 56) (-176 249 56) 
4 45 57 (-176 249 416) (-176 249 -64) (-176 224 -64) (-176 224 416) 
4 45 56 (-176 224 416) (-176 224 -64) (-162 224 -64) (-162 224 416) 
4 45 48 (-162 224 -64) (-107 224 -64) (-107 224 416) (-162 224 416) 
4 45 47 (-59 224 -64) (30 224 -64) (30 224 416) (-59 224 416) 
4 45 46 (30 224 -64) (59 224 -64) (59 224 416) (30 224 416) 
4 46 60 (30 59 -64) (48 59 -64) (48 59 416) (30 59 416) 
4 46 59 (48 59 -64) (59 59 -64) (59 59 416) (48 59 416) 
4 46 55 (30 113 -64) (30 59 -64) (30 59 416) (30 113 416) 
4 46 54 (30 176 -64) (30 113 -64) (30 113 128) (30 176 128) 
4 46 53 (30 113 136) (30 113 416) (30 176 416) (30 176 136) 
4 46 50 (30 209 -64) (30 176 -64) (30 176 128) (30 209 128) 
4 46 49 (30 176 136) (30 176 416) (30 209 416) (30 209 136) 
4 46 47 (30 224 416) (30 224 -64) (30 209 -64) (30 209 416) 
4 47 50 (-59 209 -64) (30 209 -64) (30 209 128) (-59 209 128) 
4 47 49 (30 209 136) (30 209 416) (-59 209 416) (-59 209 136) 
4 48 56 (-162 224 416) (-162 224 -64) (-162 209 -64) (-162 209 416) 
4 48 52 (-162 209 128) (-162 209 -64) (-107 209 -64) (-107 209 128) 
4 48 51 (-162 209 416) (-162 209 136) (-107 209 136) (-107 209 416) 
4 49 53 (30 176 136) (30 176 416) (-59 176 416) (-59 176 136) 
4 50 54 (-59 176 -64) (30 176 -64) (30 176 128) (-59 176 128) 
4 51 56 (-162 176 136) (-162 176 416) (-162 209 416) (-162 209 136) 
4 51 53 (-162 176 416) (-162 176 136) (-107 176 136) (-107 176 416) 
4 52 56 (-162 209 -64) (-162 176 -64) (-162 176 128) (-162 209 128) 
4 52 54 (-162 176 128) (-162 176 -64) (-107 176 -64) (-107 176 128) 
4 53 56 (-162 113 136) (-162 113 416) (-162 176 416) (-162 176 136) 
4 53 55 (-162 113 416) (-162 113 136) (30 113 136) (30 113 416) 
4 54 56 (-162 176 -64) (-162 113 -64) (-162 113 128) (-162 176 128) 
4 54 55 (-162 113 128) (-162 113 -64) (30 113 -64) (30 113 128) 
4 55 69 (-162 59 -64) (-65 59 -64) (-65 59 416) (-162 59 416) 
4 55 68 (-65 59 -64) (-59 59 -64) (-59 59 416) (-65 59 416) 
4 55 62 (-59 59 -64) (-48 59 -64) (-48 59 416) (-59 59 416) 
4 55 60 (-48 59 -64) (30 59 -64) (30 59 416) (-48 59 416) 
4 55 56 (-162 113 -64) (-162 59 -64) (-162 59 416) (-162 113 416) 
4 56 69 (-176 59 -64) (-162 59 -64) (-162 59 416) (-176 59 416) 
4 56 57 (-176 224 -64) (-176 107 -64) (-176 107 416) (-176 224 416) 
4 57 58 (-224 249 416) (-224 249 -64) (-224 107 -64) (-224 107 416) 
4 58 88 (-249 249 56) (-249 249 -52) (-249 59 -52) (-249 59 56) 
4 58 87 (-249 249 176) (-249 249 68) (-249 59 68) (-249 59 176) 
4 58 82 (-249 249 296) (-249 249 188) (-249 59 188) (-249 59 296) 
4 58 81 (-249 249 416) (-249 249 308) (-249 59 308) (-249 59 416) 
4 58 69 (-249 59 416) (-249 59 -64) (-224 59 -64) (-224 59 416) 
4 59 63 (48 -48 -64) (59 -48 -64) (59 -48 416) (48 -48 416) 
4 59 61 (48 -48 -48) (48 -48 416) (48 48 416) (48 48 -48) 
4 59 60 (48 59 416) (48 59 -64) (48 48 -64) (48 48 416) 
4 60 62 (-48 59 416) (-48 59 -64) (-48 48 -64) (-48 48 416) 
4 60 61 (-48 48 416) (-48 48 -48) (48 48 -48) (48 48 416) 
4 61 67 (-30 -48 416) (-48 -48 416) (-48 -48 -48) (-30 -48 -48) 
4 61 63 (48 -48 -48) (48 -48 416) (-30 -48 416) (-30 -48 -48) 
4 61 62 (-48 -48 -48) (-48 -48 416) (-48 48 416) (-48 48 -48) 
4 62 68 (-59 59 416) (-59 59 -64) (-59 -48 -64) (-59 -48 416) 
4 62 67 (-59 -48 416) (-59 -48 -64) (-48 -48 -64) (-48 -48 416) 
4 63 67 (-30 -48 416) (-30 -48 -64) (-30 -113 -64) (-30 -113 416) 
4 63 65 (-30 -113 320) (-30 -113 -64) (59 -113 -64) (59 -113 320) 
4 63 64 (-30 -113 416) (-30 -113 328) (59 -113 328) (59 -113 416) 
4 64 67 (-30 -209 328) (-30 -209 416) (-30 -113 416) (-30 -113 328) 
4 64 66 (-30 -209 416) (-30 -209 328) (59 -209 328) (59 -209 416) 
4 65 67 (-30 -113 -64) (-30 -209 -64) (-30 -209 320) (-30 -113 320) 
4 65 66 (-30 -209 320) (-30 -209 -64) (59 -209 -64) (59 -209 320) 
4 66 92 (59 -249 -52) (59 -249 56) (-30 -249 56) (-30 -249 -52) 
4 66 91 (59 -249 68) (59 -249 176) (-30 -249 176) (-30 -249 68) 
4 66 90 (59 -249 188) (59 -249 296) (-30 -249 296) (-30 -249 188) 
4 66 89 (59 -249 308) (59 -249 416) (-30 -249 416) (-30 -249 308) 
4 66 67 (-30 -209 -64) (-30 -249 -64) (-30 -249 416) (-30 -209 416) 
4 67 92 (-30 -249 -52) (-30 -249 56) (-59 -249 56) (-59 -249 -52) 
4 67 91 (-30 -249 68) (-30 -249 176) (-59 -249 176) (-59 -249 68) 
4 67 90 (-30 -249 188) (-30 -249 296) (-59 -249 296) (-59 -249 188) 
4 67 89 (-30 -249 308) (-30 -249 416) (-59 -249 416) (-59 -249 308) 
4 67 79 (-59 -224 -64) (-59 -249 -64) (-59 -249 416) (-59 -224 416) 
4 67 68 (-59 -48 -64) (-59 -176 -64) (-59 -176 416) (-59 -48 416) 
4 68 78 (-65 -114 -64) (-65 -176 -64) (-65 -176 416) (-65 -114 416) 
4 68 71 (-65 -18 -64) (-65 -114 -64) (-65 -114 224) (-65 -18 224) 
4 68 70 (-65 -114 232) (-65 -114 416) (-65 -18 416) (-65 -18 232) 
4 68 69 (-65 59 416) (-65 59 -64) (-65 -18 -64) (-65 -18 416) 
4 69 88 (-249 -18 -52) (-249 -18 56) (-249 59 56) (-249 59 -52) 
4 69 87 (-249 -18 68) (-249 -18 176) (-249 59 176) (-249 59 68) 
4 69 82 (-249 -18 188) (-249 -18 296) (-249 59 296) (-249 59 188) 
4 69 81 (-249 -18 308) (-249 -18 416) (-249 59 416) (-249 59 308) 
4 69 77 (-249 -18 224) (-249 -18 -64) (-224 -18 -64) (-224 -18 224) 
4 69 76 (-249 -18 416) (-249 -18 232) (-224 -18 232) (-224 -18 416) 
4 69 73 (-224 -18 -64) (-176 -18 -64) (-176 -18 224) (-224 -18 224) 
4 69 72 (-176 -18 232) (-176 -18 416) (-224 -18 416) (-224 -18 232) 
4 69 71 (-176 -18 -64) (-65 -18 -64) (-65 -18 224) (-176 -18 224) 
4 69 70 (-65 -18 232) (-65 -18 416) (-176 -18 416) (-176 -18 232) 
4 70 78 (-65 -114 232) (-65 -114 416) (-176 -114 416) (-176 -114 232) 
4 70 74 (-176 -107 232) (-176 -114 232) (-176 -114 416) (-176 -107 416) 
4 70 72 (-176 -18 416) (-176 -18 232) (-176 -59 232) (-176 -59 416) 
4 71 78 (-176 -114 -64) (-65 -114 -64) (-65 -114 224) (-176 -114 224) 
4 71 75 (-176 -107 -64) (-176 -114 -64) (-176 -114 224) (-176 -107 224) 
4 71 73 (-176 -18 224) (-176 -18 -64) (-176 -59 -64) (-176 -59 224) 
4 72 76 (-224 -18 416) (-224 -18 232) (-224 -59 232) (-224 -59 416) 
4 73 77 (-224 -18 224) (-224 -18 -64) (-224 -59 -64) (-224 -59 224) 
4 74 78 (-176 -114 232) (-176 -114 416) (-224 -114 416) (-224 -114 232) 
4 74 76 (-224 -114 232) (-224 -114 416) (-224 -107 416) (-224 -107 232) 
4 75 78 (-224 -114 -64) (-176 -114 -64) (-176 -114 224) (-224 -114 224) 
4 75 77 (-224 -107 -64) (-224 -114 -64) (-224 -114 224) (-224 -107 224) 
4 76 83 (-249 -114 232) (-249 -114 296) (-249 -18 296) (-249 -18 232) 
4 76 81 (-249 -114 308) (-249 -114 416) (-249 -18 416) (-249 -18 308) 
4 76 78 (-249 -114 416) (-249 -114 232) (-224 -114 232) (-224 -114 416) 
4 77 88 (-249 -114 -52) (-249 -114 56) (-249 -18 56) (-249 -18 -52) 
4 77 87 (-249 -114 68) (-249 -114 176) (-249 -18 176) (-249 -18 68) 
4 77 84 (-249 -114 188) (-249 -114 224) (-249 -18 224) (-249 -18 188) 
4 77 78 (-249 -114 224) (-249 -114 -64) (-224 -114 -64) (-224 -114 224) 
4 78 88 (-249 -176 -52) (-249 -176 56) (-249 -114 56) (-249 -114 -52) 
4 78 87 (-249 -176 68) (-249 -176 176) (-249 -114 176) (-249 -114 68) 
4 78 85 (-249 -176 188) (-249 -176 296) (-249 -114 296) (-249 -114 188) 
4 78 81 (-249 -176 308) (-249 -176 416) (-249 -114 416) (-249 -114 308) 
4 78 80 (-249 -176 416) (-249 -176 -64) (-107 -176 -64) (-107 -176 416) 
4 79 92 (-59 -249 -52) (-59 -249 56) (-107 -249 56) (-107 -249 -52) 
4 79 91 (-59 -249 68) (-59 -249 176) (-107 -249 176) (-107 -249 68) 
4 79 90 (-59 -249 188) (-59 -249 296) (-107 -249 296) (-107 -249 188) 
4 79 89 (-59 -249 308) (-59 -249 416) (-107 -249 416) (-107 -249 308) 
4 79 80 (-107 -224 -64) (-107 -249 -64) (-107 -249 416) (-107 -224 416) 
4 80 92 (-107 -249 -52) (-107 -249 56) (-249 -249 56) (-249 -249 -52) 
4 80 91 (-107 -249 68) (-107 -249 176) (-249 -249 176) (-249 -249 68) 
4 80 90 (-107 -249 188) (-107 -249 296) (-249 -249 296) (-249 -249 188) 
4 80 89 (-107 -249 308) (-107 -249 416) (-249 -249 416) (-249 -249 308) 
4 80 88 (-249 -249 -52) (-249 -249 56) (-249 -176 56) (-249 -176 -52) 
4 80 87 (-249 -249 68) (-249 -249 176) (-249 -176 176) (-249 -176 68) 
4 80 85 (-249 -249 188) (-249 -249 296) (-249 -176 296) (-249 -176 188) 
4 80 81 (-249 -249 308) (-249 -249 416) (-249 -176 416) (-249 -176 308) 
4 81 89 (-281 -249 416) (-281 -249 308) (-249 -249 308) (-249 -249 416) 
4 82 86 (-257 249 188) (-257 -18 188) (-257 -18 296) (-257 249 296) 
4 82 84 (-257 -18 224) (-257 -18 188) (-249 -18 188) (-249 -18 224) 
4 82 83 (-257 -18 296) (-257 -18 232) (-249 -18 232) (-249 -18 296) 
4 83 86 (-257 -114 232) (-257 -114 296) (-257 -18 296) (-257 -18 232) 
4 83 85 (-257 -114 296) (-257 -114 232) (-249 -114 232) (-249 -114 296) 
4 84 86 (-257 -18 188) (-257 -114 188) (-257 -114 224) (-257 -18 224) 
4 84 85 (-257 -114 224) (-257 -114 188) (-249 -114 188) (-249 -114 224) 
4 85 90 (-257 -249 188) (-249 -249 188) (-249 -249 296) (-257 -249 296) 
4 85 86 (-257 -114 188) (-257 -249 188) (-257 -249 296) (-257 -114 296) 
4 86 90 (-281 -249 296) (-281 -249 188) (-257 -249 188) (-257 -249 296) 
4 87 91 (-281 -249 176) (-281 -249 68) (-249 -249 68) (-249 -249 176) 
4 88 92 (-281 -249 56) (-281 -249 -52) (-249 -249 -52) (-249 -249 56) 
