---- light / ericw-tools 2.0.0-alpha10-87-g97795db8 ----
LoadBSPFile: '/home/hapax/projects/hapax-council/assets/quake/maps/screwm-research.bsp'
BSP is version Quake BSP bsp29
INFO: using built-in palette.
load: WARNING: filesystem error: cannot get file size: Is a directory [/home/hapax/projects/hapax-council/assets/quake/maps/]
ConvertTextures: WARNING: invalid size data for 
ConvertTextures: WARNING: Texture  duplicated
ConvertTextures: WARNING: Texture  duplicated
ConvertTextures: WARNING: Texture  duplicated
ConvertTextures: WARNING: Texture  duplicated
Loading extended texinfo flags from /home/hapax/projects/hapax-council/assets/quake/maps/screwm-research.texinfo.json...
Loading extended content flags from /home/hapax/projects/hapax-council/assets/quake/maps/screwm-research.content.json...
32 entities read, 30 are lights.
.lit colored light output requested on command line.

--- Options Summary ---
    "extra" was set to "2" (from command line)

DecompressAllVis: invalid visofs for leaf 0
Embree_TraceInit: Embree version: 4.4.1
Embree_TraceInit: 
	0 sky faces
	599 solid faces
	0 filtered faces
	0 shadow-casting skip faces
SetupLights: 30 initial lights
SetupLights: 30 after surface lights
SetupLights: 30 after jittering
WARNING: couldn't nudge light out of solid at 185 76 56
WARNING: couldn't nudge light out of solid at 185 76 176
WARNING: couldn't nudge light out of solid at 185 76 296
WARNING: couldn't nudge light out of solid at 76 185 56
WARNING: couldn't nudge light out of solid at 76 185 176
WARNING: couldn't nudge light out of solid at 76 185 296
WARNING: couldn't nudge light out of solid at -76 185 56
WARNING: couldn't nudge light out of solid at -76 185 176
WARNING: couldn't nudge light out of solid at -76 185 296
WARNING: couldn't nudge light out of solid at -185 76 56
WARNING: couldn't nudge light out of solid at -185 76 176
WARNING: couldn't nudge light out of solid at -185 76 296
WARNING: couldn't nudge light out of solid at -185 -76 56
WARNING: couldn't nudge light out of solid at -185 -76 176
WARNING: couldn't nudge light out of solid at -185 -76 296
WARNING: couldn't nudge light out of solid at -76 -185 56
WARNING: couldn't nudge light out of solid at -76 -185 176
WARNING: couldn't nudge light out of solid at -76 -185 296
WARNING: couldn't nudge light out of solid at 76 -185 56
WARNING: couldn't nudge light out of solid at 76 -185 176
WARNING: couldn't nudge light out of solid at 76 -185 296
WARNING: couldn't nudge light out of solid at 185 -76 56
WARNING: couldn't nudge light out of solid at 185 -76 176
WARNING: couldn't nudge light out of solid at 185 -76 296
Final count: 30 lights, 0 suns in use.
0 surface light points in use.
map uses color: true
lightmap size (total): 78576
Lighting Completed.

Writing /home/hapax/projects/hapax-council/assets/quake/maps/screwm-research.lit
0 switchable light styles (32 max)
Writing /home/hapax/projects/hapax-council/assets/quake/maps/screwm-research.bsp as Quake BSP bsp29
0.011s seconds elapsed
0 empty lightmaps


