PRT1
414
1453
4 0 5 (-297 -297 428) (-297 297 428) (-281 297 428) (-281 -297 428)
4 0 4 (281 -281 428) (281 -297 428) (-281 -297 428) (-281 -281 428)
4 0 3 (249 -249 428) (-249 -249 428) (-249 249 428) (249 249 428)
4 0 2 (-281 297 428) (281 297 428) (281 281 428) (-281 281 428)
4 0 1 (281 297 428) (297 297 428) (297 -297 428) (281 -297 428)
4 1 4 (281 -281 416) (281 -297 416) (281 -297 428) (281 -281 428)
4 1 2 (281 297 416) (281 281 416) (281 281 428) (281 297 428)
4 2 5 (-281 297 416) (-281 281 416) (-281 281 428) (-281 297 428)
4 4 5 (-281 -281 416) (-281 -297 416) (-281 -297 428) (-281 -281 428)
4 6 82 (249 -56 320) (224 -56 320) (224 59 320) (249 59 320)
4 6 80 (281 -56 320) (249 -56 320) (249 59 320) (281 59 320)
4 6 65 (224 59 320) (224 281 320) (281 281 320) (281 59 320)
4 6 37 (224 -56 320) (281 -56 320) (281 -56 416) (224 -56 416)
4 6 8 (224 59 320) (224 -56 320) (224 -56 416) (224 59 416)
4 6 7 (224 281 416) (224 281 320) (224 107 320) (224 107 416)
4 7 66 (176 107 320) (176 281 320) (224 281 320) (224 107 320)
4 7 12 (176 176 320) (176 107 320) (176 107 416) (176 176 416)
4 7 9 (176 281 320) (176 176 320) (176 176 416) (176 281 416)
4 8 83 (224 -56 320) (176 -56 320) (176 59 320) (224 59 320)
4 8 38 (176 -56 320) (224 -56 320) (224 -56 416) (176 -56 416)
4 8 16 (176 56 320) (176 -56 320) (176 -56 416) (176 56 416)
4 8 12 (176 59 320) (176 56 320) (176 56 416) (176 59 416)
4 9 74 (176 224 320) (176 176 320) (107 176 320) (107 224 320)
4 9 73 (176 249 320) (176 224 320) (107 224 320) (107 249 320)
4 9 71 (107 281 320) (176 281 320) (176 249 320) (107 249 320)
4 9 13 (107 176 320) (110 176 320) (110 176 416) (107 176 416)
4 9 12 (110 176 320) (176 176 320) (176 176 416) (110 176 416)
4 9 10 (107 281 416) (107 281 320) (107 224 320) (107 224 416)
4 10 73 (107 249 320) (107 224 320) (59 224 320) (59 249 320)
4 10 71 (59 281 320) (107 281 320) (107 249 320) (59 249 320)
4 10 11 (59 281 416) (59 281 320) (59 224 320) (59 224 416)
4 11 75 (56 176 320) (56 224 320) (59 224 320) (59 176 320)
4 11 73 (56 224 320) (56 249 320) (59 249 320) (59 224 320)
4 11 71 (56 249 320) (56 281 320) (59 281 320) (59 249 320)
4 11 19 (56 281 320) (56 176 320) (56 176 416) (56 281 416)
4 11 15 (56 176 416) (56 176 320) (59 176 320) (59 176 416)
4 12 85 (176 59 320) (176 56 320) (110 56 320) (110 59 320)
4 12 76 (110 176 320) (176 176 320) (176 59 320) (110 59 320)
4 12 16 (110 56 320) (176 56 320) (176 56 416) (110 56 416)
4 12 14 (110 98 320) (110 56 320) (110 56 416) (110 98 416)
4 12 13 (110 176 416) (110 176 320) (110 110 320) (110 110 416)
4 13 77 (98 176 320) (110 176 320) (110 110 320) (98 110 320)
4 13 15 (98 176 416) (98 176 320) (98 110 320) (98 110 416)
4 14 86 (104 56 320) (98 56 320) (98 59 320) (104 59 320)
4 14 85 (110 59 320) (110 56 320) (104 56 320) (104 59 320)
4 14 78 (110 98 320) (110 59 320) (98 59 320) (98 98 320)
4 14 18 (98 56 320) (104 56 320) (104 56 372) (98 56 372)
4 14 17 (104 56 382) (104 56 416) (98 56 416) (98 56 382)
4 14 16 (104 56 320) (110 56 320) (110 56 416) (104 56 416)
4 14 15 (98 98 320) (98 56 320) (98 56 416) (98 98 416)
4 15 86 (56 56 320) (56 59 320) (98 59 320) (98 56 320)
4 15 79 (56 59 320) (56 176 320) (98 176 320) (98 59 320)
4 15 26 (56 104 320) (56 56 320) (56 56 372) (56 104 372)
4 15 24 (56 56 382) (56 56 416) (56 104 416) (56 104 382)
4 15 23 (56 110 320) (56 104 320) (56 104 416) (56 110 416)
4 15 22 (56 176 320) (56 110 320) (56 110 416) (56 176 416)
4 15 18 (56 56 372) (56 56 320) (98 56 320) (98 56 372)
4 15 17 (56 56 416) (56 56 382) (98 56 382) (98 56 416)
4 16 85 (176 -56 320) (104 -56 320) (104 56 320) (176 56 320)
4 16 41 (104 -56 320) (110 -56 320) (110 -56 416) (104 -56 416)
4 16 40 (110 -56 320) (176 -56 320) (176 -56 416) (110 -56 416)
4 16 18 (104 56 372) (104 56 320) (104 -56 320) (104 -56 372)
4 16 17 (104 56 416) (104 56 382) (104 -56 382) (104 -56 416)
4 17 42 (98 -56 416) (56 -56 416) (56 -56 382) (98 -56 382)
4 17 41 (104 -56 382) (104 -56 416) (98 -56 416) (98 -56 382)
4 17 33 (56 -56 382) (56 -56 416) (56 56 416) (56 56 382)
4 18 87 (104 -56 320) (56 -56 320) (56 56 320) (104 56 320)
4 18 42 (56 -56 320) (98 -56 320) (98 -56 372) (56 -56 372)
4 18 41 (98 -56 320) (104 -56 320) (104 -56 372) (98 -56 372)
4 18 33 (56 56 320) (56 -56 320) (56 -56 372) (56 56 372)
4 19 103 (56 224 320) (56 176 320) (-59 176 320) (-59 224 320)
4 19 102 (56 249 320) (56 224 320) (-59 224 320) (-59 249 320)
4 19 101 (56 281 320) (56 249 320) (-59 249 320) (-59 281 320)
4 19 22 (-59 176 320) (56 176 320) (56 176 416) (-59 176 416)
4 19 20 (-59 281 416) (-59 281 320) (-59 224 320) (-59 224 416)
4 20 102 (-107 224 320) (-107 249 320) (-59 249 320) (-59 224 320)
4 20 101 (-107 249 320) (-107 281 320) (-59 281 320) (-59 249 320)
4 20 21 (-107 281 416) (-107 281 320) (-107 224 320) (-107 224 416)
4 21 104 (-107 176 320) (-281 176 320) (-281 281 320) (-107 281 320)
4 21 32 (-281 176 320) (-224 176 320) (-224 176 416) (-281 176 416)
4 21 30 (-224 176 320) (-176 176 320) (-176 176 416) (-224 176 416)
4 21 29 (-176 176 320) (-110 176 320) (-110 176 416) (-176 176 416)
4 21 22 (-110 176 320) (-107 176 320) (-107 176 416) (-110 176 416)
4 22 109 (-110 176 320) (56 176 320) (56 110 320) (-110 110 320)
4 22 29 (-110 176 416) (-110 176 320) (-110 110 320) (-110 110 416)
4 22 23 (-98 110 320) (56 110 320) (56 110 416) (-98 110 416)
4 23 110 (56 110 320) (56 104 320) (-98 104 320) (-98 110 320)
4 23 26 (-98 104 320) (56 104 320) (56 104 372) (-98 104 372)
4 23 24 (56 104 382) (56 104 416) (-98 104 416) (-98 104 382)
4 24 34 (-56 56 416) (-98 56 416) (-98 56 382) (-56 56 382)
4 24 33 (56 56 382) (56 56 416) (-56 56 416) (-56 56 382)
4 24 25 (-98 98 382) (-98 56 382) (-98 56 416) (-98 98 416)
4 25 34 (-98 56 416) (-104 56 416) (-104 56 382) (-98 56 382)
4 25 28 (-104 56 382) (-104 56 416) (-104 98 416) (-104 98 382)
4 26 111 (56 104 320) (56 56 320) (-98 56 320) (-98 104 320)
4 26 35 (-98 56 320) (-56 56 320) (-56 56 372) (-98 56 372)
4 26 33 (-56 56 320) (56 56 320) (56 56 372) (-56 56 372)
4 26 27 (-98 56 320) (-98 56 372) (-98 98 372) (-98 98 320)
4 27 112 (-98 56 320) (-104 56 320) (-104 98 320) (-98 98 320)
4 27 35 (-104 56 320) (-98 56 320) (-98 56 372) (-104 56 372)
4 27 28 (-104 98 320) (-104 56 320) (-104 56 372) (-104 98 372)
4 28 115 (-104 56 320) (-110 56 320) (-110 98 320) (-104 98 320)
4 28 36 (-110 56 320) (-104 56 320) (-104 56 416) (-110 56 416)
4 28 29 (-110 98 320) (-110 56 320) (-110 56 416) (-110 98 416)
4 29 116 (-176 176 320) (-110 176 320) (-110 56 320) (-176 56 320)
4 29 36 (-176 56 320) (-110 56 320) (-110 56 416) (-176 56 416)
4 29 31 (-176 59 320) (-176 56 320) (-176 56 416) (-176 59 416)
4 29 30 (-176 176 416) (-176 176 320) (-176 107 320) (-176 107 416)
4 30 117 (-224 176 320) (-176 176 320) (-176 107 320) (-224 107 320)
4 30 32 (-224 176 416) (-224 176 320) (-224 107 320) (-224 107 416)
4 31 118 (-176 59 320) (-176 56 320) (-224 56 320) (-224 59 320)
4 31 36 (-224 56 320) (-176 56 320) (-176 56 416) (-224 56 416)
4 31 32 (-224 59 320) (-224 56 320) (-224 56 416) (-224 59 416)
4 32 120 (-281 176 320) (-249 176 320) (-249 56 320) (-281 56 320)
4 32 119 (-249 176 320) (-224 176 320) (-224 56 320) (-249 56 320)
4 32 36 (-281 56 320) (-224 56 320) (-224 56 416) (-281 56 416)
4 33 122 (56 -56 320) (-56 -56 320) (-56 56 320) (56 56 320)
4 33 45 (-56 -56 320) (56 -56 320) (56 -56 372) (-56 -56 372)
4 33 43 (56 -56 382) (56 -56 416) (-56 -56 416) (-56 -56 382)
4 33 35 (-56 56 372) (-56 56 320) (-56 -56 320) (-56 -56 372)
4 33 34 (-56 56 416) (-56 56 382) (-56 -56 382) (-56 -56 416)
4 34 44 (-98 -56 416) (-104 -56 416) (-104 -56 382) (-98 -56 382)
4 34 43 (-56 -56 382) (-56 -56 416) (-98 -56 416) (-98 -56 382)
4 34 36 (-104 56 416) (-104 56 382) (-104 -56 382) (-104 -56 416)
4 35 123 (-56 -56 320) (-104 -56 320) (-104 56 320) (-56 56 320)
4 35 46 (-104 -56 320) (-98 -56 320) (-98 -56 372) (-104 -56 372)
4 35 45 (-98 -56 320) (-56 -56 320) (-56 -56 372) (-98 -56 372)
4 35 36 (-104 56 372) (-104 56 320) (-104 -56 320) (-104 -56 372)
4 36 148 (-257 -56 320) (-281 -56 320) (-281 56 320) (-257 56 320)
4 36 144 (-249 -56 320) (-257 -56 320) (-257 56 320) (-249 56 320)
4 36 143 (-224 -56 320) (-249 -56 320) (-249 56 320) (-224 56 320)
4 36 140 (-176 -56 320) (-224 -56 320) (-224 -18 320) (-176 -18 320)
4 36 139 (-224 -18 320) (-224 56 320) (-176 56 320) (-176 -18 320)
4 36 124 (-104 -56 320) (-176 -56 320) (-176 56 320) (-104 56 320)
4 36 52 (-281 -56 320) (-224 -56 320) (-224 -56 416) (-281 -56 416)
4 36 50 (-224 -56 320) (-176 -56 320) (-176 -56 416) (-224 -56 416)
4 36 49 (-176 -56 320) (-110 -56 320) (-110 -56 416) (-176 -56 416)
4 36 48 (-110 -56 320) (-104 -56 320) (-104 -56 416) (-110 -56 416)
4 37 82 (249 -110 320) (224 -110 320) (224 -56 320) (249 -56 320)
4 37 80 (281 -110 320) (249 -110 320) (249 -56 320) (281 -56 320)
4 37 53 (224 -110 320) (281 -110 320) (281 -110 416) (224 -110 416)
4 37 39 (224 -107 320) (224 -110 320) (224 -110 416) (224 -107 416)
4 37 38 (224 -56 416) (224 -56 320) (224 -59 320) (224 -59 416)
4 38 83 (176 -59 320) (176 -56 320) (224 -56 320) (224 -59 320)
4 38 40 (176 -56 416) (176 -56 320) (176 -59 320) (176 -59 416)
4 39 84 (224 -110 320) (176 -110 320) (176 -107 320) (224 -107 320)
4 39 53 (176 -110 320) (224 -110 320) (224 -110 416) (176 -110 416)
4 39 40 (176 -107 320) (176 -110 320) (176 -110 416) (176 -107 416)
4 40 89 (176 -110 320) (110 -110 320) (110 -56 320) (176 -56 320)
4 40 54 (110 -110 320) (162 -110 320) (162 -110 416) (110 -110 416)
4 40 53 (162 -110 320) (176 -110 320) (176 -110 416) (162 -110 416)
4 40 41 (110 -56 416) (110 -56 320) (110 -98 320) (110 -98 416)
4 41 90 (98 -98 320) (98 -56 320) (110 -56 320) (110 -98 320)
4 41 42 (98 -56 416) (98 -56 320) (98 -98 320) (98 -98 416)
4 42 92 (98 -110 320) (56 -110 320) (56 -56 320) (98 -56 320)
4 42 54 (56 -110 320) (98 -110 320) (98 -110 416) (56 -110 416)
4 42 47 (56 -104 320) (56 -110 320) (56 -110 416) (56 -104 416)
4 42 45 (56 -56 372) (56 -56 320) (56 -104 320) (56 -104 372)
4 42 43 (56 -56 416) (56 -56 382) (56 -104 382) (56 -104 416)
4 43 47 (56 -104 382) (56 -104 416) (-98 -104 416) (-98 -104 382)
4 43 44 (-98 -56 416) (-98 -56 382) (-98 -98 382) (-98 -98 416)
4 44 48 (-104 -56 416) (-104 -56 382) (-104 -98 382) (-104 -98 416)
4 45 128 (-98 -56 320) (56 -56 320) (56 -104 320) (-98 -104 320)
4 45 47 (-98 -104 320) (56 -104 320) (56 -104 372) (-98 -104 372)
4 45 46 (-98 -98 372) (-98 -56 372) (-98 -56 320) (-98 -98 320)
4 46 129 (-104 -98 320) (-104 -56 320) (-98 -56 320) (-98 -98 320)
4 46 48 (-104 -56 372) (-104 -56 320) (-104 -98 320) (-104 -98 372)
4 47 130 (56 -110 320) (-98 -110 320) (-98 -104 320) (56 -104 320)
4 47 62 (-98 -110 320) (-59 -110 320) (-59 -110 416) (-98 -110 416)
4 47 60 (-59 -110 320) (-30 -110 320) (-30 -110 416) (-59 -110 416)
4 47 54 (-30 -110 320) (56 -110 320) (56 -110 416) (-30 -110 416)
4 48 131 (-110 -98 320) (-110 -56 320) (-104 -56 320) (-104 -98 320)
4 48 49 (-110 -56 416) (-110 -56 320) (-110 -98 320) (-110 -98 416)
4 49 137 (-110 -110 320) (-176 -110 320) (-176 -56 320) (-110 -56 320)
4 49 64 (-176 -110 320) (-110 -110 320) (-110 -110 416) (-176 -110 416)
4 49 51 (-176 -107 320) (-176 -110 320) (-176 -110 416) (-176 -107 416)
4 49 50 (-176 -56 416) (-176 -56 320) (-176 -59 320) (-176 -59 416)
4 50 140 (-224 -59 320) (-224 -56 320) (-176 -56 320) (-176 -59 320)
4 50 52 (-224 -56 416) (-224 -56 320) (-224 -59 320) (-224 -59 416)
4 51 141 (-176 -110 320) (-224 -110 320) (-224 -107 320) (-176 -107 320)
4 51 64 (-224 -110 320) (-176 -110 320) (-176 -110 416) (-224 -110 416)
4 51 52 (-224 -107 320) (-224 -110 320) (-224 -110 416) (-224 -107 416)
4 52 148 (-257 -110 320) (-281 -110 320) (-281 -56 320) (-257 -56 320)
4 52 144 (-249 -110 320) (-257 -110 320) (-257 -56 320) (-249 -56 320)
4 52 143 (-224 -110 320) (-249 -110 320) (-249 -56 320) (-224 -56 320)
4 52 64 (-281 -110 320) (-224 -110 320) (-224 -110 416) (-281 -110 416)
4 53 93 (281 -176 320) (281 -224 320) (162 -224 320) (162 -176 320)
4 53 89 (162 -110 320) (176 -110 320) (176 -176 320) (162 -176 320)
4 53 84 (176 -110 320) (224 -110 320) (224 -176 320) (176 -176 320)
4 53 82 (224 -110 320) (249 -110 320) (249 -176 320) (224 -176 320)
4 53 80 (249 -110 320) (281 -110 320) (281 -176 320) (249 -176 320)
4 53 61 (162 -224 320) (281 -224 320) (281 -224 416) (162 -224 416)
4 53 57 (162 -209 320) (162 -224 320) (162 -224 416) (162 -209 416)
4 53 56 (162 -209 328) (162 -209 416) (162 -176 416) (162 -176 328)
4 53 55 (162 -176 328) (162 -176 416) (162 -113 416) (162 -113 328)
4 53 54 (162 -110 416) (162 -110 320) (162 -113 320) (162 -113 416)
4 54 135 (-30 -110 320) (56 -110 320) (56 -113 320) (-30 -113 320)
4 54 92 (56 -110 320) (98 -110 320) (98 -113 320) (56 -113 320)
4 54 91 (98 -110 320) (110 -110 320) (110 -113 320) (98 -113 320)
4 54 89 (110 -110 320) (162 -110 320) (162 -113 320) (110 -113 320)
4 54 60 (-30 -110 416) (-30 -110 320) (-30 -113 320) (-30 -113 416)
4 54 55 (-30 -113 416) (-30 -113 328) (162 -113 328) (162 -113 416)
4 55 60 (-30 -176 328) (-30 -176 416) (-30 -113 416) (-30 -113 328)
4 55 58 (-30 -176 416) (-30 -176 328) (59 -176 328) (59 -176 416)
4 55 56 (107 -176 328) (162 -176 328) (162 -176 416) (107 -176 416)
4 56 57 (162 -209 328) (162 -209 416) (107 -209 416) (107 -209 328)
4 57 93 (162 -209 320) (162 -224 320) (107 -224 320) (107 -209 320)
4 57 61 (107 -224 320) (162 -224 320) (162 -224 416) (107 -224 416)
4 58 60 (-30 -209 328) (-30 -209 416) (-30 -176 416) (-30 -176 328)
4 58 59 (-30 -209 416) (-30 -209 328) (59 -209 328) (59 -209 416)
4 59 150 (56 -224 320) (-30 -224 320) (-30 -209 320) (56 -209 320)
4 59 95 (59 -224 320) (56 -224 320) (56 -209 320) (59 -209 320)
4 59 61 (-30 -224 320) (59 -224 320) (59 -224 416) (-30 -224 416)
4 59 60 (-30 -209 320) (-30 -224 320) (-30 -224 416) (-30 -209 416)
4 60 150 (-59 -224 320) (-59 -176 320) (-30 -176 320) (-30 -224 320)
4 60 138 (-59 -176 320) (-59 -114 320) (-30 -114 320) (-30 -176 320)
4 60 135 (-59 -114 320) (-59 -110 320) (-30 -110 320) (-30 -114 320)
4 60 62 (-59 -110 416) (-59 -110 320) (-59 -176 320) (-59 -176 416)
4 60 61 (-59 -224 416) (-59 -224 320) (-30 -224 320) (-30 -224 416)
4 61 152 (-59 -281 320) (-59 -249 320) (56 -249 320) (56 -281 320)
4 61 151 (-59 -249 320) (-59 -224 320) (56 -224 320) (56 -249 320)
4 61 97 (107 -249 320) (107 -281 320) (56 -281 320) (56 -249 320)
4 61 96 (56 -224 320) (107 -224 320) (107 -249 320) (56 -249 320)
4 61 93 (107 -224 320) (281 -224 320) (281 -281 320) (107 -281 320)
4 61 63 (-59 -224 320) (-59 -281 320) (-59 -281 416) (-59 -224 416)
4 62 138 (-59 -114 320) (-59 -176 320) (-107 -176 320) (-107 -114 320)
4 62 136 (-107 -110 320) (-65 -110 320) (-65 -114 320) (-107 -114 320)
4 62 135 (-65 -110 320) (-59 -110 320) (-59 -114 320) (-65 -114 320)
4 62 64 (-107 -110 416) (-107 -110 320) (-107 -176 320) (-107 -176 416)
4 63 152 (-59 -249 320) (-59 -281 320) (-107 -281 320) (-107 -249 320)
4 63 151 (-59 -224 320) (-59 -249 320) (-107 -249 320) (-107 -224 320)
4 63 64 (-107 -224 320) (-107 -281 320) (-107 -281 416) (-107 -224 416)
4 64 153 (-281 -281 320) (-281 -176 320) (-107 -176 320) (-107 -281 320)
4 64 148 (-281 -176 320) (-281 -110 320) (-257 -110 320) (-257 -176 320)
4 64 144 (-257 -110 320) (-249 -110 320) (-249 -176 320) (-257 -176 320)
4 64 143 (-249 -110 320) (-224 -110 320) (-224 -176 320) (-249 -176 320)
4 64 142 (-176 -114 320) (-176 -176 320) (-224 -176 320) (-224 -114 320)
4 64 141 (-224 -110 320) (-176 -110 320) (-176 -114 320) (-224 -114 320)
4 64 138 (-107 -114 320) (-107 -176 320) (-176 -176 320) (-176 -114 320)
4 64 137 (-176 -110 320) (-110 -110 320) (-110 -114 320) (-176 -114 320)
4 64 136 (-110 -110 320) (-107 -110 320) (-107 -114 320) (-110 -114 320)
4 65 82 (249 59 320) (224 59 320) (224 59 308) (249 59 308)
4 65 80 (281 59 308) (281 59 320) (249 59 320) (249 59 308)
4 65 67 (249 59 308) (224 59 308) (224 249 308) (249 249 308)
4 65 66 (224 281 320) (224 281 308) (224 107 308) (224 107 320)
4 66 76 (176 176 308) (176 107 308) (176 107 320) (176 176 320)
4 66 74 (176 224 308) (176 176 308) (176 176 320) (176 224 320)
4 66 73 (176 249 308) (176 224 308) (176 224 320) (176 249 320)
4 66 71 (176 281 320) (176 281 308) (176 249 308) (176 249 320)
4 66 68 (176 107 308) (176 249 308) (224 249 308) (224 107 308)
4 67 82 (249 59 308) (224 59 308) (224 59 296) (249 59 296)
4 67 69 (249 59 296) (224 59 296) (224 249 296) (249 249 296)
4 67 68 (224 249 296) (224 107 296) (224 107 308) (224 249 308)
4 68 76 (176 176 296) (176 107 296) (176 107 308) (176 176 308)
4 68 74 (176 224 296) (176 176 296) (176 176 308) (176 224 308)
4 68 73 (176 249 296) (176 224 296) (176 224 308) (176 249 308)
4 68 70 (176 107 296) (176 249 296) (224 249 296) (224 107 296)
4 69 158 (224 281 224) (281 281 224) (281 59 224) (224 59 224)
4 69 82 (224 59 224) (249 59 224) (249 59 296) (224 59 296)
4 69 81 (249 59 224) (281 59 224) (281 59 296) (249 59 296)
4 69 70 (224 107 296) (224 281 296) (224 281 224) (224 107 224)
4 70 161 (224 249 224) (224 107 224) (176 107 224) (176 249 224)
4 70 160 (176 281 224) (224 281 224) (224 249 224) (176 249 224)
4 70 76 (176 176 224) (176 107 224) (176 107 296) (176 176 296)
4 70 74 (176 224 224) (176 176 224) (176 176 296) (176 224 296)
4 70 73 (176 249 224) (176 224 224) (176 224 296) (176 249 296)
4 70 72 (176 281 296) (176 281 224) (176 249 224) (176 249 296)
4 71 101 (56 281 320) (56 281 308) (56 249 308) (56 249 320)
4 71 73 (56 249 320) (56 249 308) (176 249 308) (176 249 320)
4 72 174 (56 249 224) (56 281 224) (59 281 224) (59 249 224)
4 72 166 (59 281 224) (176 281 224) (176 249 224) (59 249 224)
4 72 106 (56 281 296) (56 281 224) (56 249 224) (56 249 296)
4 72 73 (56 249 296) (56 249 224) (176 249 224) (176 249 296)
4 73 174 (56 224 224) (56 249 224) (59 249 224) (59 224 224)
4 73 168 (59 249 224) (176 249 224) (176 224 224) (59 224 224)
4 73 106 (56 249 224) (56 224 224) (56 224 296) (56 249 296)
4 73 102 (56 224 296) (56 224 320) (56 249 320) (56 249 296)
4 73 75 (56 224 320) (56 224 224) (59 224 224) (59 224 320)
4 73 74 (107 224 224) (176 224 224) (176 224 320) (107 224 320)
4 74 169 (107 224 224) (176 224 224) (176 176 224) (107 176 224)
4 74 77 (107 176 224) (110 176 224) (110 176 320) (107 176 320)
4 74 76 (110 176 224) (176 176 224) (176 176 320) (110 176 320)
4 75 177 (56 176 224) (56 224 224) (59 224 224) (59 176 224)
4 75 106 (56 224 224) (56 176 224) (56 176 296) (56 224 296)
4 75 103 (56 176 296) (56 176 320) (56 224 320) (56 224 296)
4 75 79 (56 176 320) (56 176 224) (59 176 224) (59 176 320)
4 76 170 (110 176 224) (176 176 224) (176 59 224) (110 59 224)
4 76 85 (110 59 224) (176 59 224) (176 59 320) (110 59 320)
4 76 78 (110 98 224) (110 59 224) (110 59 320) (110 98 320)
4 76 77 (110 176 320) (110 176 224) (110 110 224) (110 110 320)
4 77 171 (98 176 224) (110 176 224) (110 110 224) (98 110 224)
4 77 79 (98 176 320) (98 176 224) (98 110 224) (98 110 320)
4 78 172 (110 98 224) (110 59 224) (98 59 224) (98 98 224)
4 78 86 (98 59 224) (104 59 224) (104 59 320) (98 59 320)
4 78 85 (104 59 224) (110 59 224) (110 59 320) (104 59 320)
4 78 79 (98 98 224) (98 59 224) (98 59 320) (98 98 320)
4 79 187 (56 59 224) (56 110 224) (59 110 224) (59 59 224)
4 79 177 (56 110 224) (56 176 224) (59 176 224) (59 110 224)
4 79 173 (59 176 224) (98 176 224) (98 59 224) (59 59 224)
4 79 113 (56 104 224) (56 59 224) (56 59 276) (56 104 276)
4 79 111 (56 59 286) (56 59 320) (56 104 320) (56 104 286)
4 79 110 (56 110 224) (56 104 224) (56 104 320) (56 110 320)
4 79 109 (56 176 224) (56 110 224) (56 110 320) (56 176 320)
4 79 86 (56 59 320) (56 59 224) (98 59 224) (98 59 320)
4 80 93 (281 -176 308) (281 -176 320) (249 -176 320) (249 -176 308)
4 80 82 (249 59 320) (249 59 308) (249 -176 308) (249 -176 320)
4 81 200 (281 56 224) (281 -176 224) (249 -176 224) (249 56 224)
4 81 158 (249 59 224) (281 59 224) (281 56 224) (249 56 224)
4 81 98 (249 -176 224) (281 -176 224) (281 -176 296) (249 -176 296)
4 81 82 (249 59 296) (249 59 224) (249 -176 224) (249 -176 296)
4 82 202 (249 56 224) (249 -176 224) (224 -176 224) (224 56 224)
4 82 158 (224 59 224) (249 59 224) (249 56 224) (224 56 224)
4 82 98 (224 -176 224) (249 -176 224) (249 -176 296) (224 -176 296)
4 82 94 (249 -176 296) (249 -176 308) (224 -176 308) (224 -176 296)
4 82 93 (249 -176 308) (249 -176 320) (224 -176 320) (224 -176 308)
4 82 84 (224 -107 224) (224 -176 224) (224 -176 320) (224 -107 320)
4 82 83 (224 59 320) (224 59 224) (224 -59 224) (224 -59 320)
4 83 203 (224 56 224) (224 -59 224) (176 -59 224) (176 56 224)
4 83 162 (176 59 224) (224 59 224) (224 56 224) (176 56 224)
4 83 89 (176 -56 224) (176 -59 224) (176 -59 320) (176 -56 320)
4 83 85 (176 59 320) (176 59 224) (176 -56 224) (176 -56 320)
4 84 204 (224 -107 224) (224 -176 224) (176 -176 224) (176 -107 224)
4 84 98 (176 -176 224) (224 -176 224) (224 -176 296) (176 -176 296)
4 84 94 (224 -176 296) (224 -176 308) (176 -176 308) (176 -176 296)
4 84 93 (224 -176 308) (224 -176 320) (176 -176 320) (176 -176 308)
4 84 89 (176 -107 224) (176 -176 224) (176 -176 320) (176 -107 320)
4 85 205 (176 56 224) (176 -56 224) (104 -56 224) (104 56 224)
4 85 172 (104 59 224) (110 59 224) (110 56 224) (104 56 224)
4 85 170 (110 59 224) (176 59 224) (176 56 224) (110 56 224)
4 85 90 (104 -56 224) (110 -56 224) (110 -56 320) (104 -56 320)
4 85 89 (110 -56 224) (176 -56 224) (176 -56 320) (110 -56 320)
4 85 88 (104 56 224) (104 -56 224) (104 -56 276) (104 56 276)
4 85 87 (104 -56 286) (104 -56 320) (104 56 320) (104 56 286)
4 85 86 (104 59 320) (104 59 224) (104 56 224) (104 56 320)
4 86 187 (56 56 224) (56 59 224) (59 59 224) (59 56 224)
4 86 173 (59 59 224) (98 59 224) (98 56 224) (59 56 224)
4 86 172 (98 59 224) (104 59 224) (104 56 224) (98 56 224)
4 86 113 (56 59 224) (56 56 224) (56 56 276) (56 59 276)
4 86 111 (56 56 286) (56 56 320) (56 59 320) (56 59 286)
4 86 88 (56 56 276) (56 56 224) (104 56 224) (104 56 276)
4 86 87 (56 56 320) (56 56 286) (104 56 286) (104 56 320)
4 87 122 (56 -56 286) (56 -56 320) (56 56 320) (56 56 286)
4 87 92 (56 -56 320) (56 -56 286) (98 -56 286) (98 -56 320)
4 87 90 (98 -56 286) (104 -56 286) (104 -56 320) (98 -56 320)
4 88 206 (56 -56 224) (56 56 224) (104 56 224) (104 -56 224)
4 88 125 (56 56 224) (56 -56 224) (56 -56 276) (56 56 276)
4 88 92 (56 -56 276) (56 -56 224) (98 -56 224) (98 -56 276)
4 88 90 (98 -56 224) (104 -56 224) (104 -56 276) (98 -56 276)
4 89 208 (110 -56 224) (176 -56 224) (176 -176 224) (110 -176 224)
4 89 98 (110 -176 224) (176 -176 224) (176 -176 296) (110 -176 296)
4 89 94 (176 -176 296) (176 -176 308) (110 -176 308) (110 -176 296)
4 89 93 (176 -176 308) (176 -176 320) (110 -176 320) (110 -176 308)
4 89 91 (110 -110 224) (110 -176 224) (110 -176 320) (110 -110 320)
4 89 90 (110 -56 320) (110 -56 224) (110 -98 224) (110 -98 320)
4 90 209 (98 -56 224) (110 -56 224) (110 -98 224) (98 -98 224)
4 90 92 (98 -56 320) (98 -56 224) (98 -98 224) (98 -98 320)
4 91 210 (110 -110 224) (110 -176 224) (98 -176 224) (98 -110 224)
4 91 98 (107 -176 224) (110 -176 224) (110 -176 296) (107 -176 296)
4 91 94 (110 -176 296) (110 -176 308) (107 -176 308) (107 -176 296)
4 91 93 (110 -176 308) (110 -176 320) (107 -176 320) (107 -176 308)
4 91 92 (98 -110 224) (98 -176 224) (98 -176 320) (98 -110 320)
4 92 211 (56 -176 224) (56 -56 224) (98 -56 224) (98 -176 224)
4 92 138 (56 -114 224) (56 -176 224) (56 -176 320) (56 -114 320)
4 92 135 (56 -110 224) (56 -114 224) (56 -114 320) (56 -110 320)
4 92 132 (56 -56 224) (56 -110 224) (56 -110 276) (56 -56 276)
4 92 130 (56 -110 276) (56 -110 320) (56 -104 320) (56 -104 276)
4 92 128 (56 -104 320) (56 -56 320) (56 -56 286) (56 -104 286)
4 92 100 (56 -176 296) (56 -176 224) (59 -176 224) (59 -176 296)
4 92 95 (56 -176 320) (56 -176 296) (59 -176 296) (59 -176 320)
4 93 97 (107 -249 308) (107 -281 308) (107 -281 320) (107 -249 320)
4 93 96 (107 -224 308) (107 -249 308) (107 -249 320) (107 -224 320)
4 93 94 (107 -249 308) (107 -176 308) (249 -176 308) (249 -249 308)
4 94 98 (107 -176 296) (249 -176 296) (249 -249 296) (107 -249 296)
4 94 96 (107 -224 296) (107 -249 296) (107 -249 308) (107 -224 308)
4 95 150 (56 -224 320) (56 -176 320) (56 -176 296) (56 -224 296)
4 95 100 (56 -224 296) (56 -176 296) (59 -176 296) (59 -224 296)
4 95 96 (56 -224 320) (56 -224 296) (59 -224 296) (59 -224 320)
4 96 151 (56 -249 320) (56 -224 320) (56 -224 296) (56 -249 296)
4 96 100 (56 -249 296) (56 -224 296) (59 -224 296) (59 -249 296)
4 96 99 (59 -224 296) (107 -224 296) (107 -249 296) (59 -249 296)
4 96 97 (56 -249 320) (56 -249 308) (107 -249 308) (107 -249 320)
4 97 152 (56 -281 308) (56 -281 320) (56 -249 320) (56 -249 308)
4 98 212 (281 -281 224) (107 -281 224) (107 -176 224) (281 -176 224)
4 98 99 (107 -281 224) (107 -281 296) (107 -224 296) (107 -224 224)
4 99 216 (107 -281 224) (59 -281 224) (59 -249 224) (107 -249 224)
4 99 215 (59 -249 224) (59 -224 224) (107 -224 224) (107 -249 224)
4 99 100 (59 -281 224) (59 -281 296) (59 -224 296) (59 -224 224)
4 100 216 (59 -281 224) (56 -281 224) (56 -249 224) (59 -249 224)
4 100 215 (56 -249 224) (56 -224 224) (59 -224 224) (59 -249 224)
4 100 214 (56 -224 224) (56 -176 224) (59 -176 224) (59 -224 224)
4 100 155 (56 -176 224) (56 -281 224) (56 -281 296) (56 -176 296)
4 101 104 (-107 281 320) (-107 281 308) (-107 249 308) (-107 249 320)
4 101 102 (-107 249 320) (-107 249 308) (56 249 308) (56 249 320)
4 102 107 (-107 224 296) (-107 249 296) (-59 249 296) (-59 224 296)
4 102 106 (-59 249 296) (56 249 296) (56 224 296) (-59 224 296)
4 102 105 (-107 249 296) (-107 224 296) (-107 224 308) (-107 249 308)
4 102 104 (-107 224 308) (-107 224 320) (-107 249 320) (-107 249 308)
4 102 103 (-59 224 296) (56 224 296) (56 224 320) (-59 224 320)
4 103 109 (-59 176 296) (56 176 296) (56 176 320) (-59 176 320)
4 103 106 (56 176 296) (-59 176 296) (-59 224 296) (56 224 296)
4 104 120 (-281 176 320) (-281 176 308) (-249 176 308) (-249 176 320)
4 104 119 (-249 176 308) (-224 176 308) (-224 176 320) (-249 176 320)
4 104 117 (-224 176 308) (-176 176 308) (-176 176 320) (-224 176 320)
4 104 116 (-176 176 308) (-110 176 308) (-110 176 320) (-176 176 320)
4 104 109 (-110 176 308) (-107 176 308) (-107 176 320) (-110 176 320)
4 104 105 (-107 249 308) (-107 176 308) (-249 176 308) (-249 249 308)
4 105 119 (-249 176 296) (-224 176 296) (-224 176 308) (-249 176 308)
4 105 117 (-224 176 296) (-176 176 296) (-176 176 308) (-224 176 308)
4 105 116 (-176 176 296) (-110 176 296) (-110 176 308) (-176 176 308)
4 105 109 (-110 176 296) (-107 176 296) (-107 176 308) (-110 176 308)
4 105 108 (-107 176 296) (-249 176 296) (-249 249 296) (-107 249 296)
4 106 179 (30 176 224) (-59 176 224) (-59 209 224) (30 209 224)
4 106 178 (-59 209 224) (-59 224 224) (30 224 224) (30 209 224)
4 106 177 (56 224 224) (56 176 224) (30 176 224) (30 224 224)
4 106 174 (-59 281 224) (56 281 224) (56 224 224) (-59 224 224)
4 106 109 (-59 176 224) (56 176 224) (56 176 296) (-59 176 296)
4 106 107 (-59 224 296) (-59 281 296) (-59 281 224) (-59 224 224)
4 107 174 (-107 281 224) (-59 281 224) (-59 224 224) (-107 224 224)
4 107 108 (-107 224 296) (-107 281 296) (-107 281 224) (-107 224 224)
4 108 185 (-281 176 224) (-281 224 224) (-249 224 224) (-249 176 224)
4 108 184 (-249 224 224) (-162 224 224) (-162 176 224) (-249 176 224)
4 108 181 (-107 209 224) (-107 176 224) (-162 176 224) (-162 209 224)
4 108 180 (-162 224 224) (-107 224 224) (-107 209 224) (-162 209 224)
4 108 174 (-281 224 224) (-281 281 224) (-107 281 224) (-107 224 224)
4 108 121 (-281 176 296) (-281 176 224) (-249 176 224) (-249 176 296)
4 108 119 (-249 176 224) (-224 176 224) (-224 176 296) (-249 176 296)
4 108 117 (-224 176 224) (-176 176 224) (-176 176 296) (-224 176 296)
4 108 116 (-176 176 224) (-110 176 224) (-110 176 296) (-176 176 296)
4 108 109 (-110 176 224) (-107 176 224) (-107 176 296) (-110 176 296)
4 109 183 (30 113 224) (30 110 224) (-110 110 224) (-110 113 224)
4 109 182 (-110 176 224) (30 176 224) (30 113 224) (-110 113 224)
4 109 177 (30 176 224) (56 176 224) (56 110 224) (30 110 224)
4 109 116 (-110 176 320) (-110 176 224) (-110 110 224) (-110 110 320)
4 109 110 (-98 110 224) (56 110 224) (56 110 320) (-98 110 320)
4 110 188 (56 110 224) (56 104 224) (-98 104 224) (-98 110 224)
4 110 113 (-98 104 224) (56 104 224) (56 104 276) (-98 104 276)
4 110 111 (56 104 286) (56 104 320) (-98 104 320) (-98 104 286)
4 111 123 (-56 56 320) (-98 56 320) (-98 56 286) (-56 56 286)
4 111 122 (56 56 286) (56 56 320) (-56 56 320) (-56 56 286)
4 111 112 (-98 98 286) (-98 56 286) (-98 56 320) (-98 98 320)
4 112 123 (-98 56 320) (-104 56 320) (-104 56 286) (-98 56 286)
4 112 115 (-104 56 286) (-104 56 320) (-104 98 320) (-104 98 286)
4 113 189 (56 104 224) (56 56 224) (-98 56 224) (-98 104 224)
4 113 126 (-98 56 224) (-65 56 224) (-65 56 276) (-98 56 276)
4 113 125 (-65 56 224) (56 56 224) (56 56 276) (-65 56 276)
4 113 114 (-98 56 224) (-98 56 276) (-98 98 276) (-98 98 224)
4 114 190 (-98 56 224) (-104 56 224) (-104 98 224) (-98 98 224)
4 114 126 (-104 56 224) (-98 56 224) (-98 56 276) (-104 56 276)
4 114 115 (-104 98 224) (-104 56 224) (-104 56 276) (-104 98 276)
4 115 193 (-104 56 224) (-110 56 224) (-110 98 224) (-104 98 224)
4 115 126 (-110 56 224) (-104 56 224) (-104 56 276) (-110 56 276)
4 115 124 (-104 56 276) (-104 56 320) (-110 56 320) (-110 56 276)
4 115 116 (-110 98 224) (-110 56 224) (-110 56 320) (-110 98 320)
4 116 194 (-110 110 224) (-110 56 224) (-176 56 224) (-176 110 224)
4 116 184 (-176 176 224) (-162 176 224) (-162 110 224) (-176 110 224)
4 116 183 (-110 113 224) (-110 110 224) (-162 110 224) (-162 113 224)
4 116 182 (-162 176 224) (-110 176 224) (-110 113 224) (-162 113 224)
4 116 126 (-176 56 224) (-110 56 224) (-110 56 276) (-176 56 276)
4 116 124 (-110 56 276) (-110 56 320) (-176 56 320) (-176 56 276)
4 116 118 (-176 59 224) (-176 56 224) (-176 56 320) (-176 59 320)
4 116 117 (-176 176 320) (-176 176 224) (-176 107 224) (-176 107 320)
4 117 195 (-176 110 224) (-176 107 224) (-224 107 224) (-224 110 224)
4 117 184 (-224 176 224) (-176 176 224) (-176 110 224) (-224 110 224)
4 117 119 (-224 176 320) (-224 176 224) (-224 107 224) (-224 107 320)
4 118 196 (-176 59 224) (-176 56 224) (-224 56 224) (-224 59 224)
4 118 139 (-224 56 224) (-176 56 224) (-176 56 320) (-224 56 320)
4 118 119 (-224 59 224) (-224 56 224) (-224 56 320) (-224 59 320)
4 119 197 (-224 110 224) (-224 56 224) (-249 56 224) (-249 110 224)
4 119 184 (-249 176 224) (-224 176 224) (-224 110 224) (-249 110 224)
4 119 145 (-249 56 224) (-224 56 224) (-224 56 296) (-249 56 296)
4 119 143 (-224 56 296) (-224 56 320) (-249 56 320) (-249 56 296)
4 119 121 (-249 176 296) (-249 176 224) (-249 56 224) (-249 56 296)
4 119 120 (-249 176 320) (-249 176 308) (-249 56 308) (-249 56 320)
4 120 148 (-281 56 320) (-281 56 308) (-257 56 308) (-257 56 320)
4 120 144 (-257 56 308) (-249 56 308) (-249 56 320) (-257 56 320)
4 121 198 (-281 56 224) (-281 110 224) (-249 110 224) (-249 56 224)
4 121 185 (-281 110 224) (-281 176 224) (-249 176 224) (-249 110 224)
4 121 149 (-281 56 296) (-281 56 224) (-257 56 224) (-257 56 296)
4 121 145 (-257 56 224) (-249 56 224) (-249 56 296) (-257 56 296)
4 122 128 (56 -56 286) (56 -56 320) (-56 -56 320) (-56 -56 286)
4 122 125 (56 -56 276) (-56 -56 276) (-56 56 276) (56 56 276)
4 122 123 (-56 56 320) (-56 56 286) (-56 -56 286) (-56 -56 320)
4 123 129 (-98 -56 320) (-104 -56 320) (-104 -56 286) (-98 -56 286)
4 123 128 (-56 -56 286) (-56 -56 320) (-98 -56 320) (-98 -56 286)
4 123 124 (-104 56 320) (-104 56 286) (-104 -56 286) (-104 -56 320)
4 124 140 (-176 -18 276) (-176 -56 276) (-176 -56 320) (-176 -18 320)
4 124 139 (-176 56 320) (-176 56 276) (-176 -18 276) (-176 -18 320)
4 124 137 (-176 -56 320) (-176 -56 276) (-110 -56 276) (-110 -56 320)
4 124 131 (-110 -56 276) (-104 -56 276) (-104 -56 320) (-110 -56 320)
4 124 127 (-104 -56 276) (-176 -56 276) (-176 -18 276) (-104 -18 276)
4 124 126 (-176 -18 276) (-176 56 276) (-104 56 276) (-104 -18 276)
4 125 221 (-65 56 224) (-56 56 224) (-56 -56 224) (-65 -56 224)
4 125 220 (-56 56 224) (56 56 224) (56 -56 224) (-56 -56 224)
4 125 132 (-65 -56 224) (56 -56 224) (56 -56 276) (-65 -56 276)
4 125 127 (-65 -56 232) (-65 -56 276) (-65 -18 276) (-65 -18 232)
4 125 126 (-65 -18 276) (-65 56 276) (-65 56 224) (-65 -18 224)
4 126 223 (-176 56 224) (-104 56 224) (-104 -18 224) (-176 -18 224)
4 126 221 (-104 56 224) (-65 56 224) (-65 -18 224) (-104 -18 224)
4 126 139 (-176 56 276) (-176 56 224) (-176 -18 224) (-176 -18 276)
4 126 127 (-65 -18 232) (-65 -18 276) (-176 -18 276) (-176 -18 232)
4 127 140 (-176 -56 232) (-176 -56 276) (-176 -18 276) (-176 -18 232)
4 127 137 (-176 -56 276) (-176 -56 232) (-110 -56 232) (-110 -56 276)
4 127 134 (-110 -56 232) (-98 -56 232) (-98 -56 276) (-110 -56 276)
4 127 133 (-98 -56 232) (-65 -56 232) (-65 -56 276) (-98 -56 276)
4 128 130 (56 -104 286) (56 -104 320) (-98 -104 320) (-98 -104 286)
4 128 129 (-98 -56 320) (-98 -56 286) (-98 -98 286) (-98 -98 320)
4 129 131 (-104 -56 320) (-104 -56 286) (-104 -98 286) (-104 -98 320)
4 130 136 (-98 -110 276) (-65 -110 276) (-65 -110 320) (-98 -110 320)
4 130 135 (-65 -110 276) (56 -110 276) (56 -110 320) (-65 -110 320)
4 130 133 (-65 -110 276) (-98 -110 276) (-98 -104 276) (-65 -104 276)
4 130 132 (56 -110 276) (-65 -110 276) (-65 -104 276) (56 -104 276)
4 131 137 (-110 -56 320) (-110 -56 276) (-110 -98 276) (-110 -98 320)
4 131 134 (-110 -98 276) (-110 -56 276) (-104 -56 276) (-104 -98 276)
4 132 230 (56 -104 224) (56 -110 224) (-65 -110 224) (-65 -104 224)
4 132 226 (56 -56 224) (56 -104 224) (-65 -104 224) (-65 -56 224)
4 132 135 (-65 -110 224) (56 -110 224) (56 -110 276) (-65 -110 276)
4 132 133 (-65 -110 232) (-65 -110 276) (-65 -56 276) (-65 -56 232)
4 133 136 (-65 -110 232) (-65 -110 276) (-98 -110 276) (-98 -110 232)
4 133 134 (-98 -98 276) (-98 -56 276) (-98 -56 232) (-98 -98 232)
4 134 137 (-110 -56 276) (-110 -56 232) (-110 -98 232) (-110 -98 276)
4 135 232 (56 -110 224) (56 -114 224) (-65 -114 224) (-65 -110 224)
4 135 138 (-65 -114 224) (56 -114 224) (56 -114 320) (-65 -114 320)
4 135 136 (-65 -110 320) (-65 -110 232) (-65 -114 232) (-65 -114 320)
4 136 138 (-65 -114 232) (-65 -114 320) (-110 -114 320) (-110 -114 232)
4 136 137 (-110 -114 232) (-110 -114 320) (-110 -110 320) (-110 -110 232)
4 137 141 (-176 -114 232) (-176 -114 320) (-176 -107 320) (-176 -107 232)
4 137 140 (-176 -59 320) (-176 -56 320) (-176 -56 232) (-176 -59 232)
4 137 138 (-176 -114 320) (-176 -114 232) (-110 -114 232) (-110 -114 320)
4 138 233 (-110 -176 224) (-176 -176 224) (-176 -114 224) (-110 -114 224)
4 138 232 (56 -114 224) (56 -176 224) (-110 -176 224) (-110 -114 224)
4 138 157 (-176 -176 224) (-107 -176 224) (-107 -176 296) (-176 -176 296)
4 138 155 (-59 -176 224) (56 -176 224) (56 -176 296) (-59 -176 296)
4 138 154 (-176 -176 308) (-176 -176 296) (-107 -176 296) (-107 -176 308)
4 138 153 (-107 -176 320) (-176 -176 320) (-176 -176 308) (-107 -176 308)
4 138 150 (56 -176 296) (56 -176 320) (-59 -176 320) (-59 -176 296)
4 138 142 (-176 -114 224) (-176 -176 224) (-176 -176 320) (-176 -114 320)
4 139 223 (-224 56 224) (-176 56 224) (-176 -18 224) (-224 -18 224)
4 139 145 (-224 56 296) (-224 56 224) (-224 -18 224) (-224 -18 296)
4 139 143 (-224 56 320) (-224 56 296) (-224 -18 296) (-224 -18 320)
4 139 140 (-224 -18 320) (-224 -18 232) (-176 -18 232) (-176 -18 320)
4 140 146 (-224 -59 232) (-224 -59 296) (-224 -18 296) (-224 -18 232)
4 140 143 (-224 -59 296) (-224 -59 320) (-224 -18 320) (-224 -18 296)
4 141 146 (-224 -114 232) (-224 -114 296) (-224 -107 296) (-224 -107 232)
4 141 143 (-224 -114 296) (-224 -114 320) (-224 -107 320) (-224 -107 296)
4 141 142 (-224 -114 320) (-224 -114 232) (-176 -114 232) (-176 -114 320)
4 142 240 (-176 -114 224) (-176 -176 224) (-224 -176 224) (-224 -114 224)
4 142 157 (-224 -176 224) (-176 -176 224) (-176 -176 296) (-224 -176 296)
4 142 154 (-176 -176 296) (-176 -176 308) (-224 -176 308) (-224 -176 296)
4 142 153 (-176 -176 308) (-176 -176 320) (-224 -176 320) (-224 -176 308)
4 142 147 (-224 -114 224) (-224 -176 224) (-224 -176 296) (-224 -114 296)
4 142 143 (-224 -176 296) (-224 -176 320) (-224 -114 320) (-224 -114 296)
4 143 154 (-224 -176 296) (-224 -176 308) (-249 -176 308) (-249 -176 296)
4 143 153 (-224 -176 308) (-224 -176 320) (-249 -176 320) (-249 -176 308)
4 143 147 (-224 -114 296) (-224 -176 296) (-249 -176 296) (-249 -114 296)
4 143 146 (-224 -18 296) (-224 -114 296) (-249 -114 296) (-249 -18 296)
4 143 145 (-249 56 296) (-224 56 296) (-224 -18 296) (-249 -18 296)
4 143 144 (-249 56 320) (-249 56 308) (-249 -176 308) (-249 -176 320)
4 144 153 (-249 -176 320) (-257 -176 320) (-257 -176 308) (-249 -176 308)
4 144 148 (-257 56 320) (-257 56 308) (-257 -176 308) (-257 -176 320)
4 145 224 (-257 56 224) (-249 56 224) (-249 -18 224) (-257 -18 224)
4 145 223 (-249 56 224) (-224 56 224) (-224 -18 224) (-249 -18 224)
4 145 149 (-257 56 296) (-257 56 224) (-257 -18 224) (-257 -18 296)
4 145 146 (-224 -18 232) (-224 -18 296) (-257 -18 296) (-257 -18 232)
4 146 149 (-257 -114 232) (-257 -114 296) (-257 -18 296) (-257 -18 232)
4 146 147 (-224 -114 232) (-224 -114 296) (-257 -114 296) (-257 -114 232)
4 147 242 (-224 -114 224) (-224 -176 224) (-257 -176 224) (-257 -114 224)
4 147 157 (-257 -176 224) (-224 -176 224) (-224 -176 296) (-257 -176 296)
4 147 149 (-257 -114 224) (-257 -176 224) (-257 -176 296) (-257 -114 296)
4 148 153 (-281 -176 320) (-281 -176 308) (-257 -176 308) (-257 -176 320)
4 149 242 (-281 -176 224) (-281 -56 224) (-257 -56 224) (-257 -176 224)
4 149 224 (-281 -56 224) (-281 56 224) (-257 56 224) (-257 -56 224)
4 149 157 (-281 -176 296) (-281 -176 224) (-257 -176 224) (-257 -176 296)
4 150 155 (-59 -176 296) (56 -176 296) (56 -224 296) (-59 -224 296)
4 150 151 (-59 -224 296) (56 -224 296) (56 -224 320) (-59 -224 320)
4 151 156 (-59 -249 296) (-107 -249 296) (-107 -224 296) (-59 -224 296)
4 151 155 (56 -224 296) (56 -249 296) (-59 -249 296) (-59 -224 296)
4 151 154 (-107 -224 296) (-107 -249 296) (-107 -249 308) (-107 -224 308)
4 151 153 (-107 -249 308) (-107 -249 320) (-107 -224 320) (-107 -224 308)
4 151 152 (-107 -249 320) (-107 -249 308) (56 -249 308) (56 -249 320)
4 152 153 (-107 -281 308) (-107 -281 320) (-107 -249 320) (-107 -249 308)
4 153 154 (-249 -176 308) (-107 -176 308) (-107 -249 308) (-249 -249 308)
4 154 157 (-249 -176 296) (-107 -176 296) (-107 -249 296) (-249 -249 296)
4 155 237 (56 -281 224) (-59 -281 224) (-59 -249 224) (56 -249 224)
4 155 236 (-59 -249 224) (-59 -224 224) (56 -224 224) (56 -249 224)
4 155 234 (-59 -224 224) (-59 -176 224) (56 -176 224) (56 -224 224)
4 155 156 (-59 -281 224) (-59 -281 296) (-59 -224 296) (-59 -224 224)
4 156 237 (-59 -281 224) (-107 -281 224) (-107 -249 224) (-59 -249 224)
4 156 236 (-107 -249 224) (-107 -224 224) (-59 -224 224) (-59 -249 224)
4 156 157 (-107 -281 224) (-107 -281 296) (-107 -224 296) (-107 -224 224)
4 157 242 (-224 -281 224) (-281 -281 224) (-281 -176 224) (-224 -176 224)
4 157 241 (-176 -281 224) (-224 -281 224) (-224 -249 224) (-176 -249 224)
4 157 240 (-224 -249 224) (-224 -176 224) (-176 -176 224) (-176 -249 224)
4 157 237 (-107 -281 224) (-176 -281 224) (-176 -249 224) (-107 -249 224)
4 157 236 (-176 -249 224) (-176 -224 224) (-107 -224 224) (-107 -249 224)
4 157 235 (-176 -224 224) (-176 -176 224) (-107 -176 224) (-107 -224 224)
4 158 202 (249 56 224) (224 56 224) (224 56 188) (249 56 188)
4 158 200 (281 56 188) (281 56 224) (249 56 224) (249 56 188)
4 158 162 (224 59 188) (224 56 188) (224 56 224) (224 59 224)
4 158 161 (224 249 188) (224 107 188) (224 107 224) (224 249 224)
4 158 160 (224 281 224) (224 281 188) (224 249 188) (224 249 224)
4 158 159 (249 56 188) (224 56 188) (224 249 188) (249 249 188)
4 159 202 (249 56 188) (224 56 188) (224 56 176) (249 56 176)
4 159 163 (249 56 176) (224 56 176) (224 249 176) (249 249 176)
4 159 162 (224 59 176) (224 56 176) (224 56 188) (224 59 188)
4 159 161 (224 249 176) (224 107 176) (224 107 188) (224 249 188)
4 160 166 (176 281 224) (176 281 188) (176 249 188) (176 249 224)
4 160 161 (176 249 224) (176 249 188) (224 249 188) (224 249 224)
4 161 170 (176 176 176) (176 107 176) (176 107 224) (176 176 224)
4 161 169 (176 224 176) (176 176 176) (176 176 224) (176 224 224)
4 161 168 (176 249 176) (176 224 176) (176 224 224) (176 249 224)
4 161 164 (176 107 176) (176 249 176) (224 249 176) (224 107 176)
4 162 203 (224 56 224) (176 56 224) (176 56 176) (224 56 176)
4 162 170 (176 59 176) (176 56 176) (176 56 224) (176 59 224)
4 162 165 (224 56 176) (176 56 176) (176 59 176) (224 59 176)
4 163 258 (249 56 128) (224 56 128) (224 176 128) (249 176 128)
4 163 257 (257 56 128) (249 56 128) (249 176 128) (257 176 128)
4 163 255 (281 176 128) (281 56 128) (257 56 128) (257 176 128)
4 163 247 (224 281 128) (281 281 128) (281 176 128) (224 176 128)
4 163 202 (224 56 128) (249 56 128) (249 56 176) (224 56 176)
4 163 201 (249 56 128) (281 56 128) (281 56 176) (249 56 176)
4 163 165 (224 56 128) (224 56 176) (224 59 176) (224 59 128)
4 163 164 (224 107 176) (224 281 176) (224 281 128) (224 107 128)
4 164 263 (224 114 128) (224 107 128) (176 107 128) (176 114 128)
4 164 262 (224 176 128) (224 114 128) (176 114 128) (176 176 128)
4 164 247 (176 281 128) (224 281 128) (224 176 128) (176 176 128)
4 164 170 (176 176 128) (176 107 128) (176 107 176) (176 176 176)
4 164 169 (176 224 128) (176 176 128) (176 176 176) (176 224 176)
4 164 168 (176 249 128) (176 224 128) (176 224 176) (176 249 176)
4 164 167 (176 281 176) (176 281 128) (176 249 128) (176 249 176)
4 165 264 (224 59 128) (224 56 128) (176 56 128) (176 59 128)
4 165 203 (176 56 128) (224 56 128) (224 56 176) (176 56 176)
4 165 170 (176 59 128) (176 56 128) (176 56 176) (176 59 176)
4 166 174 (59 281 224) (59 281 188) (59 249 188) (59 249 224)
4 166 168 (59 249 224) (59 249 188) (176 249 188) (176 249 224)
4 167 249 (59 281 128) (107 281 128) (107 249 128) (59 249 128)
4 167 247 (107 281 128) (176 281 128) (176 249 128) (107 249 128)
4 167 176 (59 281 176) (59 281 128) (59 249 128) (59 249 176)
4 167 168 (59 249 176) (59 249 128) (176 249 128) (176 249 176)
4 168 250 (107 224 128) (59 224 128) (59 249 128) (107 249 128)
4 168 247 (176 249 128) (176 224 128) (107 224 128) (107 249 128)
4 168 176 (59 249 128) (59 224 128) (59 224 176) (59 249 176)
4 168 175 (59 224 176) (59 224 188) (59 249 188) (59 249 176)
4 168 174 (59 224 188) (59 224 224) (59 249 224) (59 249 188)
4 168 169 (107 224 128) (176 224 128) (176 224 224) (107 224 224)
4 169 247 (176 224 128) (176 176 128) (107 176 128) (107 224 128)
4 169 171 (107 176 128) (110 176 128) (110 176 224) (107 176 224)
4 169 170 (110 176 128) (176 176 128) (176 176 224) (110 176 224)
4 170 267 (176 114 128) (176 56 128) (110 56 128) (110 114 128)
4 170 266 (176 176 128) (176 114 128) (110 114 128) (110 176 128)
4 170 205 (110 56 128) (176 56 128) (176 56 224) (110 56 224)
4 170 172 (110 98 128) (110 56 128) (110 56 224) (110 98 224)
4 170 171 (110 176 224) (110 176 128) (110 110 128) (110 110 224)
4 171 268 (98 110 128) (98 114 128) (110 114 128) (110 110 128)
4 171 266 (98 114 128) (98 176 128) (110 176 128) (110 114 128)
4 171 173 (98 176 224) (98 176 128) (98 110 128) (98 110 224)
4 172 269 (110 56 128) (98 56 128) (98 98 128) (110 98 128)
4 172 207 (98 56 128) (104 56 128) (104 56 180) (98 56 180)
4 172 206 (104 56 190) (104 56 224) (98 56 224) (98 56 190)
4 172 205 (104 56 128) (110 56 128) (110 56 224) (104 56 224)
4 172 173 (98 98 128) (98 56 128) (98 56 224) (98 98 224)
4 173 271 (65 56 128) (59 56 128) (59 114 128) (65 114 128)
4 173 270 (98 56 128) (65 56 128) (65 114 128) (98 114 128)
4 173 266 (59 114 128) (59 176 128) (98 176 128) (98 114 128)
4 173 207 (59 56 128) (98 56 128) (98 56 180) (59 56 180)
4 173 206 (98 56 190) (98 56 224) (59 56 224) (59 56 190)
4 173 187 (59 110 128) (59 56 128) (59 56 224) (59 110 224)
4 173 177 (59 176 128) (59 110 128) (59 110 224) (59 176 224)
4 174 185 (-281 224 224) (-281 224 188) (-249 224 188) (-249 224 224)
4 174 184 (-249 224 188) (-162 224 188) (-162 224 224) (-249 224 224)
4 174 180 (-162 224 188) (-107 224 188) (-107 224 224) (-162 224 224)
4 174 178 (-59 224 188) (30 224 188) (30 224 224) (-59 224 224)
4 174 177 (30 224 188) (59 224 188) (59 224 224) (30 224 224)
4 174 175 (59 224 188) (-249 224 188) (-249 249 188) (59 249 188)
4 175 184 (-249 224 176) (-162 224 176) (-162 224 188) (-249 224 188)
4 175 180 (-162 224 176) (-107 224 176) (-107 224 188) (-162 224 188)
4 175 178 (-59 224 176) (30 224 176) (30 224 188) (-59 224 188)
4 175 177 (30 224 176) (59 224 176) (59 224 188) (30 224 188)
4 175 176 (59 224 176) (-249 224 176) (-249 249 176) (59 249 176)
4 176 297 (-281 224 128) (-281 281 128) (-107 281 128) (-107 224 128)
4 176 295 (56 249 128) (56 224 128) (-107 224 128) (-107 249 128)
4 176 294 (-107 281 128) (56 281 128) (56 249 128) (-107 249 128)
4 176 250 (59 249 128) (59 224 128) (56 224 128) (56 249 128)
4 176 249 (56 281 128) (59 281 128) (59 249 128) (56 249 128)
4 176 186 (-281 224 176) (-281 224 128) (-249 224 128) (-249 224 176)
4 176 184 (-249 224 128) (-162 224 128) (-162 224 176) (-249 224 176)
4 176 180 (-162 224 128) (-107 224 128) (-107 224 176) (-162 224 176)
4 176 178 (-59 224 128) (30 224 128) (30 224 176) (-59 224 176)
4 176 177 (30 224 128) (59 224 128) (59 224 176) (30 224 176)
4 177 302 (56 176 128) (56 110 128) (30 110 128) (30 176 128)
4 177 296 (30 224 128) (56 224 128) (56 176 128) (30 176 128)
4 177 271 (59 114 128) (59 110 128) (56 110 128) (56 114 128)
4 177 266 (59 176 128) (59 114 128) (56 114 128) (56 176 128)
4 177 251 (56 224 128) (59 224 128) (59 176 128) (56 176 128)
4 177 188 (30 110 128) (56 110 128) (56 110 224) (30 110 224)
4 177 187 (56 110 128) (59 110 128) (59 110 224) (56 110 224)
4 177 183 (30 113 128) (30 110 128) (30 110 224) (30 113 224)
4 177 182 (30 113 136) (30 113 224) (30 176 224) (30 176 136)
4 177 179 (30 176 136) (30 176 224) (30 209 224) (30 209 136)
4 177 178 (30 224 224) (30 224 128) (30 209 128) (30 209 224)
4 178 296 (-59 224 128) (30 224 128) (30 209 128) (-59 209 128)
4 178 179 (30 209 136) (30 209 224) (-59 209 224) (-59 209 136)
4 179 182 (30 176 136) (30 176 224) (-59 176 224) (-59 176 136)
4 180 297 (-162 224 128) (-107 224 128) (-107 209 128) (-162 209 128)
4 180 184 (-162 224 224) (-162 224 128) (-162 209 128) (-162 209 224)
4 180 181 (-162 209 224) (-162 209 136) (-107 209 136) (-107 209 224)
4 181 184 (-162 176 136) (-162 176 224) (-162 209 224) (-162 209 136)
4 181 182 (-162 176 224) (-162 176 136) (-107 176 136) (-107 176 224)
4 182 184 (-162 113 136) (-162 113 224) (-162 176 224) (-162 176 136)
4 182 183 (-162 113 224) (-162 113 136) (30 113 136) (30 113 224)
4 183 309 (-110 110 128) (-162 110 128) (-162 113 128) (-110 113 128)
4 183 302 (30 113 128) (30 110 128) (-110 110 128) (-110 113 128)
4 183 194 (-162 110 128) (-110 110 128) (-110 110 224) (-162 110 224)
4 183 188 (-98 110 128) (30 110 128) (30 110 224) (-98 110 224)
4 183 184 (-162 113 128) (-162 110 128) (-162 110 224) (-162 113 224)
4 184 312 (-224 110 128) (-249 110 128) (-249 176 128) (-224 176 128)
4 184 310 (-176 110 128) (-224 110 128) (-224 176 128) (-176 176 128)
4 184 309 (-162 176 128) (-162 110 128) (-176 110 128) (-176 176 128)
4 184 297 (-249 224 128) (-162 224 128) (-162 176 128) (-249 176 128)
4 184 197 (-249 110 128) (-224 110 128) (-224 110 224) (-249 110 224)
4 184 195 (-224 110 128) (-176 110 128) (-176 110 224) (-224 110 224)
4 184 194 (-176 110 128) (-162 110 128) (-162 110 224) (-176 110 224)
4 184 186 (-249 224 176) (-249 224 128) (-249 110 128) (-249 110 176)
4 184 185 (-249 224 224) (-249 224 188) (-249 110 188) (-249 110 224)
4 185 198 (-281 110 224) (-281 110 188) (-249 110 188) (-249 110 224)
4 186 313 (-281 110 128) (-281 176 128) (-249 176 128) (-249 110 128)
4 186 297 (-281 176 128) (-281 224 128) (-249 224 128) (-249 176 128)
4 186 199 (-281 110 176) (-281 110 128) (-249 110 128) (-249 110 176)
4 187 271 (56 110 128) (59 110 128) (59 56 128) (56 56 128)
4 187 207 (56 56 128) (59 56 128) (59 56 180) (56 56 180)
4 187 206 (59 56 190) (59 56 224) (56 56 224) (56 56 190)
4 187 191 (56 104 128) (56 56 128) (56 56 180) (56 104 180)
4 187 189 (56 56 190) (56 56 224) (56 104 224) (56 104 190)
4 187 188 (56 110 224) (56 110 128) (56 104 128) (56 104 224)
4 188 303 (-98 110 128) (56 110 128) (56 104 128) (-98 104 128)
4 188 191 (-98 104 128) (56 104 128) (56 104 180) (-98 104 180)
4 188 189 (56 104 190) (56 104 224) (-98 104 224) (-98 104 190)
4 189 221 (-56 56 224) (-98 56 224) (-98 56 190) (-56 56 190)
4 189 220 (56 56 190) (56 56 224) (-56 56 224) (-56 56 190)
4 189 190 (-98 98 190) (-98 56 190) (-98 56 224) (-98 98 224)
4 190 221 (-98 56 224) (-104 56 224) (-104 56 190) (-98 56 190)
4 190 193 (-104 56 190) (-104 56 224) (-104 98 224) (-104 98 190)
4 191 304 (56 104 128) (56 56 128) (-98 56 128) (-98 104 128)
4 191 222 (-98 56 128) (-56 56 128) (-56 56 180) (-98 56 180)
4 191 220 (-56 56 128) (56 56 128) (56 56 180) (-56 56 180)
4 191 192 (-98 56 128) (-98 56 180) (-98 98 180) (-98 98 128)
4 192 305 (-98 56 128) (-104 56 128) (-104 98 128) (-98 98 128)
4 192 222 (-104 56 128) (-98 56 128) (-98 56 180) (-104 56 180)
4 192 193 (-104 98 128) (-104 56 128) (-104 56 180) (-104 98 180)
4 193 308 (-104 98 128) (-104 56 128) (-110 56 128) (-110 98 128)
4 193 223 (-110 56 128) (-104 56 128) (-104 56 224) (-110 56 224)
4 193 194 (-110 98 128) (-110 56 128) (-110 56 224) (-110 98 224)
4 194 309 (-176 110 128) (-110 110 128) (-110 56 128) (-176 56 128)
4 194 223 (-176 56 128) (-110 56 128) (-110 56 224) (-176 56 224)
4 194 196 (-176 59 128) (-176 56 128) (-176 56 224) (-176 59 224)
4 194 195 (-176 110 224) (-176 110 128) (-176 107 128) (-176 107 224)
4 195 310 (-224 110 128) (-176 110 128) (-176 107 128) (-224 107 128)
4 195 197 (-224 110 224) (-224 110 128) (-224 107 128) (-224 107 224)
4 196 311 (-176 59 128) (-176 56 128) (-224 56 128) (-224 59 128)
4 196 223 (-224 56 128) (-176 56 128) (-176 56 224) (-224 56 224)
4 196 197 (-224 59 128) (-224 56 128) (-224 56 224) (-224 59 224)
4 197 312 (-249 110 128) (-224 110 128) (-224 56 128) (-249 56 128)
4 197 223 (-249 56 128) (-224 56 128) (-224 56 224) (-249 56 224)
4 197 199 (-249 110 176) (-249 110 128) (-249 56 128) (-249 56 176)
4 197 198 (-249 110 224) (-249 110 188) (-249 56 188) (-249 56 224)
4 198 224 (-281 56 224) (-281 56 188) (-249 56 188) (-249 56 224)
4 199 313 (-281 56 128) (-281 110 128) (-249 110 128) (-249 56 128)
4 199 225 (-281 56 176) (-281 56 128) (-249 56 128) (-249 56 176)
4 200 212 (281 -176 188) (281 -176 224) (249 -176 224) (249 -176 188)
4 200 202 (249 56 224) (249 56 188) (249 -176 188) (249 -176 224)
4 201 278 (281 -59 128) (281 -176 128) (249 -176 128) (249 -59 128)
4 201 257 (249 56 128) (257 56 128) (257 -59 128) (249 -59 128)
4 201 255 (257 56 128) (281 56 128) (281 -59 128) (257 -59 128)
4 201 217 (249 -176 128) (281 -176 128) (281 -176 176) (249 -176 176)
4 201 202 (249 56 176) (249 56 128) (249 -176 128) (249 -176 176)
4 202 280 (249 -59 128) (249 -176 128) (224 -176 128) (224 -59 128)
4 202 258 (224 56 128) (249 56 128) (249 -59 128) (224 -59 128)
4 202 217 (224 -176 128) (249 -176 128) (249 -176 176) (224 -176 176)
4 202 213 (249 -176 176) (249 -176 188) (224 -176 188) (224 -176 176)
4 202 212 (249 -176 188) (249 -176 224) (224 -176 224) (224 -176 188)
4 202 204 (224 -107 128) (224 -176 128) (224 -176 224) (224 -107 224)
4 202 203 (224 56 224) (224 56 128) (224 -59 128) (224 -59 224)
4 203 265 (224 18 128) (224 -59 128) (176 -59 128) (176 18 128)
4 203 264 (176 56 128) (224 56 128) (224 18 128) (176 18 128)
4 203 208 (176 -56 128) (176 -59 128) (176 -59 224) (176 -56 224)
4 203 205 (176 56 224) (176 56 128) (176 -56 128) (176 -56 224)
4 204 281 (224 -107 128) (224 -176 128) (176 -176 128) (176 -107 128)
4 204 217 (176 -176 128) (224 -176 128) (224 -176 176) (176 -176 176)
4 204 213 (224 -176 176) (224 -176 188) (176 -176 188) (176 -176 176)
4 204 212 (224 -176 188) (224 -176 224) (176 -176 224) (176 -176 188)
4 204 208 (176 -107 128) (176 -176 128) (176 -176 224) (176 -107 224)
4 205 272 (104 56 128) (176 56 128) (176 -56 128) (104 -56 128)
4 205 209 (104 -56 128) (110 -56 128) (110 -56 224) (104 -56 224)
4 205 208 (110 -56 128) (176 -56 128) (176 -56 224) (110 -56 224)
4 205 207 (104 56 180) (104 56 128) (104 -56 128) (104 -56 180)
4 205 206 (104 56 224) (104 56 190) (104 -56 190) (104 -56 224)
4 206 220 (56 56 224) (56 56 190) (56 -56 190) (56 -56 224)
4 206 211 (56 -56 224) (56 -56 190) (98 -56 190) (98 -56 224)
4 206 209 (98 -56 190) (104 -56 190) (104 -56 224) (98 -56 224)
4 207 273 (56 -56 128) (56 56 128) (104 56 128) (104 -56 128)
4 207 220 (56 56 180) (56 56 128) (56 -56 128) (56 -56 180)
4 207 211 (56 -56 180) (56 -56 128) (98 -56 128) (98 -56 180)
4 207 209 (98 -56 128) (104 -56 128) (104 -56 180) (98 -56 180)
4 208 282 (176 -59 128) (176 -176 128) (110 -176 128) (110 -59 128)
4 208 277 (110 -56 128) (176 -56 128) (176 -59 128) (110 -59 128)
4 208 217 (110 -176 128) (176 -176 128) (176 -176 176) (110 -176 176)
4 208 213 (176 -176 176) (176 -176 188) (110 -176 188) (110 -176 176)
4 208 212 (176 -176 188) (176 -176 224) (110 -176 224) (110 -176 188)
4 208 210 (110 -110 128) (110 -176 128) (110 -176 224) (110 -110 224)
4 208 209 (110 -56 224) (110 -56 128) (110 -98 128) (110 -98 224)
4 209 283 (110 -59 128) (110 -98 128) (98 -98 128) (98 -59 128)
4 209 277 (98 -56 128) (110 -56 128) (110 -59 128) (98 -59 128)
4 209 211 (98 -56 224) (98 -56 128) (98 -98 128) (98 -98 224)
4 210 284 (110 -110 128) (110 -176 128) (98 -176 128) (98 -110 128)
4 210 217 (107 -176 128) (110 -176 128) (110 -176 176) (107 -176 176)
4 210 213 (110 -176 176) (110 -176 188) (107 -176 188) (107 -176 176)
4 210 212 (110 -176 188) (110 -176 224) (107 -176 224) (107 -176 188)
4 210 211 (98 -110 128) (98 -176 128) (98 -176 224) (98 -110 224)
4 211 285 (56 -176 128) (56 -59 128) (98 -59 128) (98 -176 128)
4 211 277 (56 -59 128) (56 -56 128) (98 -56 128) (98 -59 128)
4 211 232 (56 -110 128) (56 -176 128) (56 -176 224) (56 -110 224)
4 211 230 (56 -104 128) (56 -110 128) (56 -110 224) (56 -104 224)
4 211 228 (56 -56 128) (56 -104 128) (56 -104 180) (56 -56 180)
4 211 226 (56 -104 190) (56 -104 224) (56 -56 224) (56 -56 190)
4 211 219 (56 -176 176) (56 -176 128) (59 -176 128) (59 -176 176)
4 211 214 (56 -176 224) (56 -176 176) (59 -176 176) (59 -176 224)
4 212 216 (107 -249 188) (107 -281 188) (107 -281 224) (107 -249 224)
4 212 215 (107 -224 188) (107 -249 188) (107 -249 224) (107 -224 224)
4 212 213 (107 -249 188) (107 -176 188) (249 -176 188) (249 -249 188)
4 213 217 (107 -176 176) (249 -176 176) (249 -249 176) (107 -249 176)
4 213 215 (107 -224 176) (107 -249 176) (107 -249 188) (107 -224 188)
4 214 234 (56 -224 224) (56 -176 224) (56 -176 176) (56 -224 176)
4 214 219 (56 -224 176) (56 -176 176) (59 -176 176) (59 -224 176)
4 214 215 (56 -224 224) (56 -224 176) (59 -224 176) (59 -224 224)
4 215 236 (56 -249 224) (56 -224 224) (56 -224 176) (56 -249 176)
4 215 219 (56 -249 176) (56 -224 176) (59 -224 176) (59 -249 176)
4 215 218 (59 -224 176) (107 -224 176) (107 -249 176) (59 -249 176)
4 215 216 (56 -249 224) (56 -249 188) (107 -249 188) (107 -249 224)
4 216 237 (56 -281 188) (56 -281 224) (56 -249 224) (56 -249 188)
4 217 286 (281 -281 128) (107 -281 128) (107 -176 128) (281 -176 128)
4 217 218 (107 -281 128) (107 -281 176) (107 -224 176) (107 -224 128)
4 218 290 (107 -281 128) (59 -281 128) (59 -249 128) (107 -249 128)
4 218 289 (59 -249 128) (59 -224 128) (107 -224 128) (107 -249 128)
4 218 219 (59 -281 128) (59 -281 176) (59 -224 176) (59 -224 128)
4 219 290 (59 -281 128) (56 -281 128) (56 -249 128) (59 -249 128)
4 219 289 (56 -249 128) (56 -224 128) (59 -224 128) (59 -249 128)
4 219 288 (56 -224 128) (56 -176 128) (59 -176 128) (59 -224 128)
4 219 238 (56 -249 128) (56 -281 128) (56 -281 176) (56 -249 176)
4 219 236 (56 -224 128) (56 -249 128) (56 -249 176) (56 -224 176)
4 219 234 (56 -176 128) (56 -224 128) (56 -224 176) (56 -176 176)
4 220 315 (-56 56 128) (56 56 128) (56 -56 128) (-56 -56 128)
4 220 228 (-56 -56 128) (56 -56 128) (56 -56 180) (-56 -56 180)
4 220 226 (56 -56 190) (56 -56 224) (-56 -56 224) (-56 -56 190)
4 220 222 (-56 56 180) (-56 56 128) (-56 -56 128) (-56 -56 180)
4 220 221 (-56 56 224) (-56 56 190) (-56 -56 190) (-56 -56 224)
4 221 227 (-98 -56 224) (-104 -56 224) (-104 -56 190) (-98 -56 190)
4 221 226 (-56 -56 190) (-56 -56 224) (-98 -56 224) (-98 -56 190)
4 221 223 (-104 56 224) (-104 56 190) (-104 -56 190) (-104 -56 224)
4 222 316 (-104 56 128) (-56 56 128) (-56 -56 128) (-104 -56 128)
4 222 229 (-104 -56 128) (-98 -56 128) (-98 -56 180) (-104 -56 180)
4 222 228 (-98 -56 128) (-56 -56 128) (-56 -56 180) (-98 -56 180)
4 222 223 (-104 56 180) (-104 56 128) (-104 -56 128) (-104 -56 180)
4 223 318 (-249 56 128) (-104 56 128) (-104 -56 128) (-249 -56 128)
4 223 246 (-249 -56 128) (-224 -56 128) (-224 -56 176) (-249 -56 176)
4 223 244 (-224 -56 128) (-176 -56 128) (-176 -56 176) (-224 -56 176)
4 223 243 (-249 -56 188) (-249 -56 176) (-224 -56 176) (-224 -56 188)
4 223 242 (-224 -56 224) (-249 -56 224) (-249 -56 188) (-224 -56 188)
4 223 239 (-176 -56 176) (-176 -56 224) (-224 -56 224) (-224 -56 176)
4 223 233 (-176 -56 128) (-110 -56 128) (-110 -56 224) (-176 -56 224)
4 223 231 (-110 -56 128) (-104 -56 128) (-104 -56 224) (-110 -56 224)
4 223 225 (-249 56 176) (-249 56 128) (-249 -56 128) (-249 -56 176)
4 223 224 (-249 56 224) (-249 56 188) (-249 -56 188) (-249 -56 224)
4 224 242 (-281 -56 224) (-281 -56 188) (-249 -56 188) (-249 -56 224)
4 225 319 (-281 -56 128) (-281 56 128) (-249 56 128) (-249 -56 128)
4 225 246 (-281 -56 176) (-281 -56 128) (-249 -56 128) (-249 -56 176)
4 226 230 (56 -104 190) (56 -104 224) (-98 -104 224) (-98 -104 190)
4 226 227 (-98 -56 224) (-98 -56 190) (-98 -98 190) (-98 -98 224)
4 227 231 (-104 -56 224) (-104 -56 190) (-104 -98 190) (-104 -98 224)
4 228 321 (-98 -56 128) (56 -56 128) (56 -104 128) (-98 -104 128)
4 228 230 (-98 -104 128) (56 -104 128) (56 -104 180) (-98 -104 180)
4 228 229 (-98 -98 180) (-98 -56 180) (-98 -56 128) (-98 -98 128)
4 229 322 (-104 -56 128) (-98 -56 128) (-98 -98 128) (-104 -98 128)
4 229 231 (-104 -56 180) (-104 -56 128) (-104 -98 128) (-104 -98 180)
4 230 325 (56 -104 128) (56 -110 128) (-98 -110 128) (-98 -104 128)
4 230 232 (-98 -110 128) (56 -110 128) (56 -110 224) (-98 -110 224)
4 231 326 (-110 -56 128) (-104 -56 128) (-104 -98 128) (-110 -98 128)
4 231 233 (-110 -56 224) (-110 -56 128) (-110 -98 128) (-110 -98 224)
4 232 327 (56 -110 128) (56 -176 128) (-110 -176 128) (-110 -110 128)
4 232 235 (-110 -176 128) (-107 -176 128) (-107 -176 224) (-110 -176 224)
4 232 234 (-59 -176 128) (56 -176 128) (56 -176 224) (-59 -176 224)
4 232 233 (-110 -110 128) (-110 -176 128) (-110 -176 224) (-110 -110 224)
4 233 328 (-176 -176 128) (-176 -56 128) (-110 -56 128) (-110 -176 128)
4 233 245 (-176 -107 128) (-176 -176 128) (-176 -176 176) (-176 -107 176)
4 233 244 (-176 -56 176) (-176 -56 128) (-176 -59 128) (-176 -59 176)
4 233 240 (-176 -107 176) (-176 -176 176) (-176 -176 224) (-176 -107 224)
4 233 239 (-176 -56 224) (-176 -56 176) (-176 -59 176) (-176 -59 224)
4 233 235 (-176 -176 224) (-176 -176 128) (-110 -176 128) (-110 -176 224)
4 234 329 (-59 -176 128) (56 -176 128) (56 -224 128) (-59 -224 128)
4 234 236 (-59 -224 128) (56 -224 128) (56 -224 224) (-59 -224 224)
4 235 330 (-176 -224 128) (-176 -176 128) (-107 -176 128) (-107 -224 128)
4 235 245 (-176 -176 128) (-176 -224 128) (-176 -224 176) (-176 -176 176)
4 235 240 (-176 -224 176) (-176 -224 224) (-176 -176 224) (-176 -176 176)
4 235 236 (-176 -224 224) (-176 -224 128) (-107 -224 128) (-107 -224 224)
4 236 331 (-176 -249 128) (-176 -224 128) (56 -224 128) (56 -249 128)
4 236 245 (-176 -224 128) (-176 -249 128) (-176 -249 176) (-176 -224 176)
4 236 240 (-176 -249 176) (-176 -249 224) (-176 -224 224) (-176 -224 176)
4 236 238 (-176 -249 176) (-176 -249 128) (56 -249 128) (56 -249 176)
4 236 237 (-176 -249 224) (-176 -249 188) (56 -249 188) (56 -249 224)
4 237 241 (-176 -281 188) (-176 -281 224) (-176 -249 224) (-176 -249 188)
4 238 332 (56 -281 128) (-176 -281 128) (-176 -249 128) (56 -249 128)
4 238 245 (-176 -249 128) (-176 -281 128) (-176 -281 176) (-176 -249 176)
4 239 244 (-224 -56 176) (-176 -56 176) (-176 -59 176) (-224 -59 176)
4 239 243 (-224 -56 188) (-224 -56 176) (-224 -59 176) (-224 -59 188)
4 239 242 (-224 -56 224) (-224 -56 188) (-224 -59 188) (-224 -59 224)
4 240 245 (-176 -107 176) (-176 -249 176) (-224 -249 176) (-224 -107 176)
4 240 243 (-224 -107 176) (-224 -249 176) (-224 -249 188) (-224 -107 188)
4 240 242 (-224 -249 188) (-224 -249 224) (-224 -107 224) (-224 -107 188)
4 240 241 (-224 -249 224) (-224 -249 188) (-176 -249 188) (-176 -249 224)
4 241 242 (-224 -281 188) (-224 -281 224) (-224 -249 224) (-224 -249 188)
4 242 243 (-249 -56 188) (-224 -56 188) (-224 -249 188) (-249 -249 188)
4 243 246 (-249 -56 176) (-224 -56 176) (-224 -249 176) (-249 -249 176)
4 244 334 (-224 -59 128) (-224 -56 128) (-176 -56 128) (-176 -59 128)
4 244 246 (-224 -59 176) (-224 -56 176) (-224 -56 128) (-224 -59 128)
4 245 336 (-176 -281 128) (-224 -281 128) (-224 -249 128) (-176 -249 128)
4 245 335 (-224 -249 128) (-224 -107 128) (-176 -107 128) (-176 -249 128)
4 245 246 (-224 -281 128) (-224 -281 176) (-224 -107 176) (-224 -107 128)
4 246 337 (-224 -281 128) (-281 -281 128) (-281 -56 128) (-224 -56 128)
4 247 266 (176 176 128) (107 176 128) (107 176 68) (176 176 68)
4 247 262 (224 176 128) (176 176 128) (176 176 68) (224 176 68)
4 247 258 (249 176 128) (224 176 128) (224 176 68) (249 176 68)
4 247 257 (257 176 128) (249 176 128) (249 176 68) (257 176 68)
4 247 255 (281 176 68) (281 176 128) (257 176 128) (257 176 68)
4 247 250 (107 249 68) (107 224 68) (107 224 128) (107 249 128)
4 247 249 (107 281 128) (107 281 68) (107 249 68) (107 249 128)
4 247 248 (249 176 68) (107 176 68) (107 249 68) (249 249 68)
4 248 266 (107 176 56) (176 176 56) (176 176 68) (107 176 68)
4 248 262 (176 176 56) (224 176 56) (224 176 68) (176 176 68)
4 248 258 (224 176 56) (249 176 56) (249 176 68) (224 176 68)
4 248 252 (249 176 56) (107 176 56) (107 249 56) (249 249 56)
4 248 250 (107 249 56) (107 224 56) (107 224 68) (107 249 68)
4 249 294 (56 281 128) (56 281 68) (56 249 68) (56 249 128)
4 249 250 (56 249 128) (56 249 68) (107 249 68) (107 249 128)
4 250 295 (56 249 56) (56 224 56) (56 224 128) (56 249 128)
4 250 254 (56 224 56) (56 249 56) (59 249 56) (59 224 56)
4 250 253 (59 249 56) (107 249 56) (107 224 56) (59 224 56)
4 250 251 (56 224 128) (56 224 56) (59 224 56) (59 224 128)
4 251 296 (56 224 56) (56 176 56) (56 176 128) (56 224 128)
4 251 266 (56 176 128) (56 176 56) (59 176 56) (59 176 128)
4 251 254 (59 176 56) (56 176 56) (56 224 56) (59 224 56)
4 252 348 (176 224 32) (176 176 32) (107 176 32) (107 224 32)
4 252 347 (176 249 32) (176 224 32) (107 224 32) (107 249 32)
4 252 346 (107 281 32) (176 281 32) (176 249 32) (107 249 32)
4 252 343 (176 281 32) (224 281 32) (224 176 32) (176 176 32)
4 252 342 (224 281 32) (281 281 32) (281 176 32) (224 176 32)
4 252 266 (107 176 32) (176 176 32) (176 176 56) (107 176 56)
4 252 262 (176 176 32) (224 176 32) (224 176 56) (176 176 56)
4 252 259 (224 176 32) (257 176 32) (257 176 56) (224 176 56)
4 252 256 (257 176 32) (281 176 32) (281 176 56) (257 176 56)
4 252 253 (107 224 56) (107 281 56) (107 281 32) (107 224 32)
4 253 347 (107 249 32) (107 224 32) (59 224 32) (59 249 32)
4 253 346 (59 281 32) (107 281 32) (107 249 32) (59 249 32)
4 253 254 (59 224 56) (59 281 56) (59 281 32) (59 224 32)
4 254 349 (56 176 32) (56 224 32) (59 224 32) (59 176 32)
4 254 347 (56 224 32) (56 249 32) (59 249 32) (59 224 32)
4 254 346 (56 249 32) (56 281 32) (59 281 32) (59 249 32)
4 254 299 (56 281 56) (56 281 32) (56 176 32) (56 176 56)
4 254 266 (56 176 56) (56 176 32) (59 176 32) (59 176 56)
4 255 278 (281 -59 68) (281 -59 128) (257 -59 128) (257 -59 68)
4 255 257 (257 176 128) (257 176 68) (257 -59 68) (257 -59 128)
4 256 354 (281 59 32) (281 -59 32) (257 -59 32) (257 59 32)
4 256 342 (257 176 32) (281 176 32) (281 59 32) (257 59 32)
4 256 279 (257 -59 32) (281 -59 32) (281 -59 56) (257 -59 56)
4 256 261 (257 18 32) (257 -59 32) (257 -59 56) (257 18 56)
4 256 260 (257 18 40) (257 18 56) (257 114 56) (257 114 40)
4 256 259 (257 176 56) (257 176 32) (257 114 32) (257 114 56)
4 257 278 (257 -59 68) (257 -59 128) (249 -59 128) (249 -59 68)
4 257 258 (249 176 128) (249 176 68) (249 -59 68) (249 -59 128)
4 258 280 (249 -59 128) (224 -59 128) (224 -59 56) (249 -59 56)
4 258 265 (224 18 56) (224 -59 56) (224 -59 128) (224 18 128)
4 258 264 (224 59 56) (224 18 56) (224 18 128) (224 59 128)
4 258 263 (224 114 56) (224 107 56) (224 107 128) (224 114 128)
4 258 262 (224 176 128) (224 176 56) (224 114 56) (224 114 128)
4 258 261 (224 -59 56) (224 18 56) (249 18 56) (249 -59 56)
4 258 260 (224 18 56) (224 114 56) (249 114 56) (249 18 56)
4 258 259 (224 114 56) (224 176 56) (249 176 56) (249 114 56)
4 259 342 (224 176 32) (257 176 32) (257 114 32) (224 114 32)
4 259 262 (224 176 56) (224 176 32) (224 114 32) (224 114 56)
4 259 260 (257 114 40) (257 114 56) (224 114 56) (224 114 40)
4 260 264 (224 18 40) (224 18 56) (224 59 56) (224 59 40)
4 260 263 (224 107 56) (224 114 56) (224 114 40) (224 107 40)
4 260 261 (257 18 40) (257 18 56) (224 18 56) (224 18 40)
4 261 355 (249 -59 32) (224 -59 32) (224 18 32) (249 18 32)
4 261 354 (257 18 32) (257 -59 32) (249 -59 32) (249 18 32)
4 261 280 (224 -59 32) (249 -59 32) (249 -59 56) (224 -59 56)
4 261 279 (249 -59 32) (257 -59 32) (257 -59 56) (249 -59 56)
4 261 265 (224 18 32) (224 -59 32) (224 -59 56) (224 18 56)
4 262 343 (176 176 32) (224 176 32) (224 114 32) (176 114 32)
4 262 266 (176 176 128) (176 176 32) (176 114 32) (176 114 128)
4 262 263 (176 114 128) (176 114 40) (224 114 40) (224 114 128)
4 263 267 (176 107 40) (176 107 128) (176 114 128) (176 114 40)
4 264 274 (176 18 40) (176 18 84) (176 56 84) (176 56 40)
4 264 272 (176 18 84) (176 18 128) (176 56 128) (176 56 84)
4 264 267 (176 56 128) (176 59 128) (176 59 40) (176 56 40)
4 264 265 (176 18 128) (176 18 40) (224 18 40) (224 18 128)
4 265 356 (224 18 32) (224 -59 32) (176 -59 32) (176 18 32)
4 265 277 (176 -56 32) (176 -59 32) (176 -59 128) (176 -56 128)
4 265 275 (176 18 32) (176 -56 32) (176 -56 84) (176 18 84)
4 265 272 (176 -56 84) (176 -56 128) (176 18 128) (176 18 84)
4 266 353 (56 114 32) (56 176 32) (98 176 32) (98 114 32)
4 266 351 (98 176 32) (110 176 32) (110 114 32) (98 114 32)
4 266 350 (110 176 32) (176 176 32) (176 114 32) (110 114 32)
4 266 302 (56 176 32) (56 114 32) (56 114 128) (56 176 128)
4 266 271 (56 114 128) (56 114 32) (65 114 32) (65 114 128)
4 266 270 (98 114 40) (98 114 128) (65 114 128) (65 114 40)
4 266 268 (110 114 40) (110 114 128) (98 114 128) (98 114 40)
4 266 267 (176 114 40) (176 114 128) (110 114 128) (110 114 40)
4 267 274 (176 56 40) (176 56 84) (110 56 84) (110 56 40)
4 267 272 (176 56 84) (176 56 128) (110 56 128) (110 56 84)
4 267 269 (110 98 40) (110 56 40) (110 56 128) (110 98 128)
4 267 268 (110 114 128) (110 114 40) (110 110 40) (110 110 128)
4 268 270 (98 114 128) (98 114 40) (98 110 40) (98 110 128)
4 269 274 (110 56 40) (110 56 84) (98 56 84) (98 56 40)
4 269 273 (104 56 128) (98 56 128) (98 56 94) (104 56 94)
4 269 272 (110 56 84) (110 56 128) (104 56 128) (104 56 84)
4 269 270 (98 56 40) (98 56 128) (98 98 128) (98 98 40)
4 270 274 (98 56 40) (98 56 84) (65 56 84) (65 56 40)
4 270 273 (98 56 94) (98 56 128) (65 56 128) (65 56 94)
4 270 271 (65 114 128) (65 114 40) (65 56 40) (65 56 128)
4 271 359 (56 56 32) (56 59 32) (65 59 32) (65 56 32)
4 271 353 (56 59 32) (56 114 32) (65 114 32) (65 59 32)
4 271 306 (56 104 32) (56 56 32) (56 56 84) (56 104 84)
4 271 304 (56 56 94) (56 56 128) (56 104 128) (56 104 94)
4 271 303 (56 110 32) (56 104 32) (56 104 128) (56 110 128)
4 271 302 (56 114 32) (56 110 32) (56 110 128) (56 114 128)
4 271 276 (56 56 84) (56 56 32) (65 56 32) (65 56 84)
4 271 273 (56 56 128) (56 56 94) (65 56 94) (65 56 128)
4 272 277 (104 -56 84) (176 -56 84) (176 -56 128) (104 -56 128)
4 272 275 (176 -56 84) (104 -56 84) (104 18 84) (176 18 84)
4 272 274 (104 18 84) (104 56 84) (176 56 84) (176 18 84)
4 272 273 (104 56 128) (104 56 94) (104 -56 94) (104 -56 128)
4 273 315 (56 -56 94) (56 -56 128) (56 56 128) (56 56 94)
4 273 277 (56 -56 128) (56 -56 94) (104 -56 94) (104 -56 128)
4 274 276 (65 18 84) (65 56 84) (65 56 40) (65 18 40)
4 274 275 (65 18 84) (65 18 40) (176 18 40) (176 18 84)
4 275 360 (104 -56 32) (65 -56 32) (65 18 32) (104 18 32)
4 275 358 (176 18 32) (176 -56 32) (104 -56 32) (104 18 32)
4 275 277 (65 -56 32) (176 -56 32) (176 -56 84) (65 -56 84)
4 275 276 (65 -56 32) (65 -56 84) (65 18 84) (65 18 32)
4 276 360 (56 -56 32) (56 56 32) (65 56 32) (65 -56 32)
4 276 315 (56 56 32) (56 -56 32) (56 -56 84) (56 56 84)
4 276 277 (56 -56 84) (56 -56 32) (65 -56 32) (65 -56 84)
4 277 365 (56 -59 32) (56 -56 32) (98 -56 32) (98 -59 32)
4 277 363 (98 -56 32) (110 -56 32) (110 -59 32) (98 -59 32)
4 277 362 (110 -56 32) (176 -56 32) (176 -59 32) (110 -59 32)
4 277 323 (56 -56 32) (56 -59 32) (56 -59 84) (56 -56 84)
4 277 321 (56 -59 94) (56 -59 128) (56 -56 128) (56 -56 94)
4 277 285 (56 -59 128) (56 -59 32) (98 -59 32) (98 -59 128)
4 277 283 (98 -59 32) (110 -59 32) (110 -59 128) (98 -59 128)
4 277 282 (110 -59 32) (176 -59 32) (176 -59 128) (110 -59 128)
4 278 286 (281 -176 68) (281 -176 128) (249 -176 128) (249 -176 68)
4 278 280 (249 -59 128) (249 -59 68) (249 -176 68) (249 -176 128)
4 279 354 (249 -59 32) (281 -59 32) (281 -176 32) (249 -176 32)
4 279 291 (249 -176 32) (281 -176 32) (281 -176 56) (249 -176 56)
4 279 280 (249 -59 56) (249 -59 32) (249 -176 32) (249 -176 56)
4 280 355 (224 -59 32) (249 -59 32) (249 -176 32) (224 -176 32)
4 280 291 (224 -176 32) (249 -176 32) (249 -176 56) (224 -176 56)
4 280 287 (249 -176 56) (249 -176 68) (224 -176 68) (224 -176 56)
4 280 286 (249 -176 68) (249 -176 128) (224 -176 128) (224 -176 68)
4 280 281 (224 -107 32) (224 -176 32) (224 -176 128) (224 -107 128)
4 281 357 (224 -107 32) (224 -176 32) (176 -176 32) (176 -107 32)
4 281 291 (176 -176 32) (224 -176 32) (224 -176 56) (176 -176 56)
4 281 287 (224 -176 56) (224 -176 68) (176 -176 68) (176 -176 56)
4 281 286 (224 -176 68) (224 -176 128) (176 -176 128) (176 -176 68)
4 281 282 (176 -107 32) (176 -176 32) (176 -176 128) (176 -107 128)
4 282 362 (110 -59 32) (176 -59 32) (176 -176 32) (110 -176 32)
4 282 291 (110 -176 32) (176 -176 32) (176 -176 56) (110 -176 56)
4 282 287 (176 -176 56) (176 -176 68) (110 -176 68) (110 -176 56)
4 282 286 (176 -176 68) (176 -176 128) (110 -176 128) (110 -176 68)
4 282 284 (110 -110 32) (110 -176 32) (110 -176 128) (110 -110 128)
4 282 283 (110 -59 128) (110 -59 32) (110 -98 32) (110 -98 128)
4 283 363 (98 -59 32) (110 -59 32) (110 -98 32) (98 -98 32)
4 283 285 (98 -59 128) (98 -59 32) (98 -98 32) (98 -98 128)
4 284 364 (110 -110 32) (110 -176 32) (98 -176 32) (98 -110 32)
4 284 291 (107 -176 32) (110 -176 32) (110 -176 56) (107 -176 56)
4 284 287 (110 -176 56) (110 -176 68) (107 -176 68) (107 -176 56)
4 284 286 (110 -176 68) (110 -176 128) (107 -176 128) (107 -176 68)
4 284 285 (98 -110 32) (98 -176 32) (98 -176 128) (98 -110 128)
4 285 365 (56 -176 32) (56 -59 32) (98 -59 32) (98 -176 32)
4 285 327 (56 -110 32) (56 -176 32) (56 -176 128) (56 -110 128)
4 285 325 (56 -104 32) (56 -110 32) (56 -110 128) (56 -104 128)
4 285 323 (56 -59 32) (56 -104 32) (56 -104 84) (56 -59 84)
4 285 321 (56 -104 94) (56 -104 128) (56 -59 128) (56 -59 94)
4 285 293 (56 -176 56) (56 -176 32) (59 -176 32) (59 -176 56)
4 285 288 (56 -176 128) (56 -176 56) (59 -176 56) (59 -176 128)
4 286 290 (107 -249 68) (107 -281 68) (107 -281 128) (107 -249 128)
4 286 289 (107 -224 68) (107 -249 68) (107 -249 128) (107 -224 128)
4 286 287 (107 -249 68) (107 -176 68) (249 -176 68) (249 -249 68)
4 287 291 (107 -176 56) (249 -176 56) (249 -249 56) (107 -249 56)
4 287 289 (107 -224 56) (107 -249 56) (107 -249 68) (107 -224 68)
4 288 329 (56 -224 128) (56 -176 128) (56 -176 56) (56 -224 56)
4 288 293 (56 -224 56) (56 -176 56) (59 -176 56) (59 -224 56)
4 288 289 (56 -224 128) (56 -224 56) (59 -224 56) (59 -224 128)
4 289 331 (56 -249 128) (56 -224 128) (56 -224 56) (56 -249 56)
4 289 293 (56 -249 56) (56 -224 56) (59 -224 56) (59 -249 56)
4 289 292 (59 -224 56) (107 -224 56) (107 -249 56) (59 -249 56)
4 289 290 (56 -249 128) (56 -249 68) (107 -249 68) (107 -249 128)
4 290 332 (56 -281 68) (56 -281 128) (56 -249 128) (56 -249 68)
4 291 366 (281 -281 32) (107 -281 32) (107 -176 32) (281 -176 32)
4 291 292 (107 -281 32) (107 -281 56) (107 -224 56) (107 -224 32)
4 292 370 (107 -281 32) (59 -281 32) (59 -249 32) (107 -249 32)
4 292 369 (59 -249 32) (59 -224 32) (107 -224 32) (107 -249 32)
4 292 293 (59 -281 32) (59 -281 56) (59 -224 56) (59 -224 32)
4 293 370 (59 -281 32) (56 -281 32) (56 -249 32) (59 -249 32)
4 293 369 (56 -249 32) (56 -224 32) (59 -224 32) (59 -249 32)
4 293 368 (56 -224 32) (56 -176 32) (59 -176 32) (59 -224 32)
4 293 333 (56 -249 32) (56 -281 32) (56 -281 56) (56 -249 56)
4 293 331 (56 -224 32) (56 -249 32) (56 -249 56) (56 -224 56)
4 293 329 (56 -176 32) (56 -224 32) (56 -224 56) (56 -176 56)
4 294 297 (-107 281 128) (-107 281 68) (-107 249 68) (-107 249 128)
4 294 295 (-107 249 128) (-107 249 68) (56 249 68) (56 249 128)
4 295 300 (-107 224 56) (-107 249 56) (-59 249 56) (-59 224 56)
4 295 299 (-59 249 56) (56 249 56) (56 224 56) (-59 224 56)
4 295 298 (-107 249 56) (-107 224 56) (-107 224 68) (-107 249 68)
4 295 297 (-107 224 68) (-107 224 128) (-107 249 128) (-107 249 68)
4 295 296 (-59 224 56) (56 224 56) (56 224 128) (-59 224 128)
4 296 302 (-59 176 56) (56 176 56) (56 176 128) (-59 176 128)
4 296 299 (56 176 56) (-59 176 56) (-59 224 56) (56 224 56)
4 297 313 (-281 176 128) (-281 176 68) (-249 176 68) (-249 176 128)
4 297 312 (-249 176 68) (-224 176 68) (-224 176 128) (-249 176 128)
4 297 310 (-224 176 68) (-176 176 68) (-176 176 128) (-224 176 128)
4 297 309 (-176 176 68) (-110 176 68) (-110 176 128) (-176 176 128)
4 297 302 (-110 176 68) (-107 176 68) (-107 176 128) (-110 176 128)
4 297 298 (-107 249 68) (-107 176 68) (-249 176 68) (-249 249 68)
4 298 312 (-249 176 56) (-224 176 56) (-224 176 68) (-249 176 68)
4 298 310 (-224 176 56) (-176 176 56) (-176 176 68) (-224 176 68)
4 298 309 (-176 176 56) (-110 176 56) (-110 176 68) (-176 176 68)
4 298 302 (-110 176 56) (-107 176 56) (-107 176 68) (-110 176 68)
4 298 301 (-107 176 56) (-249 176 56) (-249 249 56) (-107 249 56)
4 299 373 (56 224 32) (56 176 32) (-59 176 32) (-59 224 32)
4 299 372 (56 249 32) (56 224 32) (-59 224 32) (-59 249 32)
4 299 371 (-59 281 32) (56 281 32) (56 249 32) (-59 249 32)
4 299 302 (-59 176 32) (56 176 32) (56 176 56) (-59 176 56)
4 299 300 (-59 224 56) (-59 281 56) (-59 281 32) (-59 224 32)
4 300 372 (-59 249 32) (-59 224 32) (-107 224 32) (-107 249 32)
4 300 371 (-107 281 32) (-59 281 32) (-59 249 32) (-107 249 32)
4 300 301 (-107 224 56) (-107 281 56) (-107 281 32) (-107 224 32)
4 301 374 (-281 176 32) (-281 281 32) (-107 281 32) (-107 176 32)
4 301 314 (-281 176 56) (-281 176 32) (-249 176 32) (-249 176 56)
4 301 312 (-249 176 32) (-224 176 32) (-224 176 56) (-249 176 56)
4 301 310 (-224 176 32) (-176 176 32) (-176 176 56) (-224 176 56)
4 301 309 (-176 176 32) (-110 176 32) (-110 176 56) (-176 176 56)
4 301 302 (-110 176 32) (-107 176 32) (-107 176 56) (-110 176 56)
4 302 376 (-110 176 32) (56 176 32) (56 110 32) (-110 110 32)
4 302 309 (-110 176 128) (-110 176 32) (-110 110 32) (-110 110 128)
4 302 303 (-98 110 32) (56 110 32) (56 110 128) (-98 110 128)
4 303 377 (56 110 32) (56 104 32) (-98 104 32) (-98 110 32)
4 303 306 (-98 104 32) (56 104 32) (56 104 84) (-98 104 84)
4 303 304 (56 104 94) (56 104 128) (-98 104 128) (-98 104 94)
4 304 316 (-56 56 128) (-98 56 128) (-98 56 94) (-56 56 94)
4 304 315 (56 56 94) (56 56 128) (-56 56 128) (-56 56 94)
4 304 305 (-98 98 94) (-98 56 94) (-98 56 128) (-98 98 128)
4 305 316 (-98 56 128) (-104 56 128) (-104 56 94) (-98 56 94)
4 305 308 (-104 56 94) (-104 56 128) (-104 98 128) (-104 98 94)
4 306 378 (56 104 32) (56 56 32) (-98 56 32) (-98 104 32)
4 306 317 (-98 56 32) (-56 56 32) (-56 56 84) (-98 56 84)
4 306 315 (-56 56 32) (56 56 32) (56 56 84) (-56 56 84)
4 306 307 (-98 56 32) (-98 56 84) (-98 98 84) (-98 98 32)
4 307 379 (-98 56 32) (-104 56 32) (-104 98 32) (-98 98 32)
4 307 317 (-104 56 32) (-98 56 32) (-98 56 84) (-104 56 84)
4 307 308 (-104 98 32) (-104 56 32) (-104 56 84) (-104 98 84)
4 308 382 (-104 56 32) (-110 56 32) (-110 98 32) (-104 98 32)
4 308 318 (-110 56 32) (-104 56 32) (-104 56 128) (-110 56 128)
4 308 309 (-110 98 32) (-110 56 32) (-110 56 128) (-110 98 128)
4 309 383 (-176 176 32) (-110 176 32) (-110 56 32) (-176 56 32)
4 309 318 (-176 56 32) (-110 56 32) (-110 56 128) (-176 56 128)
4 309 311 (-176 59 32) (-176 56 32) (-176 56 128) (-176 59 128)
4 309 310 (-176 176 128) (-176 176 32) (-176 107 32) (-176 107 128)
4 310 384 (-224 176 32) (-176 176 32) (-176 107 32) (-224 107 32)
4 310 312 (-224 176 128) (-224 176 32) (-224 107 32) (-224 107 128)
4 311 385 (-176 59 32) (-176 56 32) (-224 56 32) (-224 59 32)
4 311 318 (-224 56 32) (-176 56 32) (-176 56 128) (-224 56 128)
4 311 312 (-224 59 32) (-224 56 32) (-224 56 128) (-224 59 128)
4 312 386 (-249 176 32) (-224 176 32) (-224 56 32) (-249 56 32)
4 312 318 (-249 56 32) (-224 56 32) (-224 56 128) (-249 56 128)
4 312 314 (-249 176 56) (-249 176 32) (-249 56 32) (-249 56 56)
4 312 313 (-249 176 128) (-249 176 68) (-249 56 68) (-249 56 128)
4 313 319 (-281 56 128) (-281 56 68) (-249 56 68) (-249 56 128)
4 314 387 (-281 56 32) (-281 176 32) (-249 176 32) (-249 56 32)
4 314 320 (-281 56 56) (-281 56 32) (-249 56 32) (-249 56 56)
4 315 392 (-56 56 32) (-48 56 32) (-48 -56 32) (-56 -56 32)
4 315 391 (48 -48 32) (48 -56 32) (-48 -56 32) (-48 -48 32)
4 315 390 (48 48 32) (48 -48 32) (-48 -48 32) (-48 48 32)
4 315 389 (-48 56 32) (48 56 32) (48 48 32) (-48 48 32)
4 315 388 (48 56 32) (56 56 32) (56 -56 32) (48 -56 32)
4 315 323 (-56 -56 32) (56 -56 32) (56 -56 84) (-56 -56 84)
4 315 321 (56 -56 94) (56 -56 128) (-56 -56 128) (-56 -56 94)
4 315 317 (-56 56 84) (-56 56 32) (-56 -56 32) (-56 -56 84)
4 315 316 (-56 56 128) (-56 56 94) (-56 -56 94) (-56 -56 128)
4 316 322 (-98 -56 128) (-104 -56 128) (-104 -56 94) (-98 -56 94)
4 316 321 (-56 -56 94) (-56 -56 128) (-98 -56 128) (-98 -56 94)
4 316 318 (-104 56 128) (-104 56 94) (-104 -56 94) (-104 -56 128)
4 317 393 (-104 56 32) (-56 56 32) (-56 -56 32) (-104 -56 32)
4 317 324 (-104 -56 32) (-98 -56 32) (-98 -56 84) (-104 -56 84)
4 317 323 (-98 -56 32) (-56 -56 32) (-56 -56 84) (-98 -56 84)
4 317 318 (-104 56 84) (-104 56 32) (-104 -56 32) (-104 -56 84)
4 318 395 (-249 56 32) (-104 56 32) (-104 -56 32) (-249 -56 32)
4 318 341 (-249 -56 32) (-224 -56 32) (-224 -56 56) (-249 -56 56)
4 318 339 (-224 -56 32) (-176 -56 32) (-176 -56 56) (-224 -56 56)
4 318 338 (-249 -56 68) (-249 -56 56) (-224 -56 56) (-224 -56 68)
4 318 337 (-224 -56 128) (-249 -56 128) (-249 -56 68) (-224 -56 68)
4 318 334 (-176 -56 56) (-176 -56 128) (-224 -56 128) (-224 -56 56)
4 318 328 (-176 -56 32) (-110 -56 32) (-110 -56 128) (-176 -56 128)
4 318 326 (-110 -56 32) (-104 -56 32) (-104 -56 128) (-110 -56 128)
4 318 320 (-249 56 56) (-249 56 32) (-249 -56 32) (-249 -56 56)
4 318 319 (-249 56 128) (-249 56 68) (-249 -56 68) (-249 -56 128)
4 319 337 (-281 -56 128) (-281 -56 68) (-249 -56 68) (-249 -56 128)
4 320 396 (-281 -56 32) (-281 56 32) (-249 56 32) (-249 -56 32)
4 320 341 (-281 -56 56) (-281 -56 32) (-249 -56 32) (-249 -56 56)
4 321 325 (56 -104 94) (56 -104 128) (-98 -104 128) (-98 -104 94)
4 321 322 (-98 -56 128) (-98 -56 94) (-98 -98 94) (-98 -98 128)
4 322 326 (-104 -56 128) (-104 -56 94) (-104 -98 94) (-104 -98 128)
4 323 397 (-98 -56 32) (56 -56 32) (56 -104 32) (-98 -104 32)
4 323 325 (-98 -104 32) (56 -104 32) (56 -104 84) (-98 -104 84)
4 323 324 (-98 -98 84) (-98 -56 84) (-98 -56 32) (-98 -98 32)
4 324 398 (-104 -56 32) (-98 -56 32) (-98 -98 32) (-104 -98 32)
4 324 326 (-104 -56 84) (-104 -56 32) (-104 -98 32) (-104 -98 84)
4 325 401 (56 -104 32) (56 -110 32) (-98 -110 32) (-98 -104 32)
4 325 327 (-98 -110 32) (56 -110 32) (56 -110 128) (-98 -110 128)
4 326 402 (-110 -56 32) (-104 -56 32) (-104 -98 32) (-110 -98 32)
4 326 328 (-110 -56 128) (-110 -56 32) (-110 -98 32) (-110 -98 128)
4 327 403 (56 -110 32) (56 -176 32) (-110 -176 32) (-110 -110 32)
4 327 330 (-110 -176 32) (-107 -176 32) (-107 -176 128) (-110 -176 128)
4 327 329 (-59 -176 32) (56 -176 32) (56 -176 128) (-59 -176 128)
4 327 328 (-110 -110 32) (-110 -176 32) (-110 -176 128) (-110 -110 128)
4 328 404 (-176 -176 32) (-176 -56 32) (-110 -56 32) (-110 -176 32)
4 328 340 (-176 -107 32) (-176 -176 32) (-176 -176 56) (-176 -107 56)
4 328 339 (-176 -56 56) (-176 -56 32) (-176 -59 32) (-176 -59 56)
4 328 335 (-176 -107 56) (-176 -176 56) (-176 -176 128) (-176 -107 128)
4 328 334 (-176 -56 128) (-176 -56 56) (-176 -59 56) (-176 -59 128)
4 328 330 (-176 -176 128) (-176 -176 32) (-110 -176 32) (-110 -176 128)
4 329 405 (-59 -176 32) (56 -176 32) (56 -224 32) (-59 -224 32)
4 329 331 (-59 -224 32) (56 -224 32) (56 -224 128) (-59 -224 128)
4 330 406 (-176 -224 32) (-176 -176 32) (-107 -176 32) (-107 -224 32)
4 330 340 (-176 -176 32) (-176 -224 32) (-176 -224 56) (-176 -176 56)
4 330 335 (-176 -224 56) (-176 -224 128) (-176 -176 128) (-176 -176 56)
4 330 331 (-176 -224 128) (-176 -224 32) (-107 -224 32) (-107 -224 128)
4 331 407 (-176 -249 32) (-176 -224 32) (56 -224 32) (56 -249 32)
4 331 340 (-176 -224 32) (-176 -249 32) (-176 -249 56) (-176 -224 56)
4 331 335 (-176 -249 56) (-176 -249 128) (-176 -224 128) (-176 -224 56)
4 331 333 (-176 -249 56) (-176 -249 32) (56 -249 32) (56 -249 56)
4 331 332 (-176 -249 128) (-176 -249 68) (56 -249 68) (56 -249 128)
4 332 336 (-176 -281 68) (-176 -281 128) (-176 -249 128) (-176 -249 68)
4 333 408 (56 -281 32) (-176 -281 32) (-176 -249 32) (56 -249 32)
4 333 340 (-176 -249 32) (-176 -281 32) (-176 -281 56) (-176 -249 56)
4 334 339 (-224 -56 56) (-176 -56 56) (-176 -59 56) (-224 -59 56)
4 334 338 (-224 -56 68) (-224 -56 56) (-224 -59 56) (-224 -59 68)
4 334 337 (-224 -56 128) (-224 -56 68) (-224 -59 68) (-224 -59 128)
4 335 340 (-176 -107 56) (-176 -249 56) (-224 -249 56) (-224 -107 56)
4 335 338 (-224 -107 56) (-224 -249 56) (-224 -249 68) (-224 -107 68)
4 335 337 (-224 -249 68) (-224 -249 128) (-224 -107 128) (-224 -107 68)
4 335 336 (-224 -249 128) (-224 -249 68) (-176 -249 68) (-176 -249 128)
4 336 337 (-224 -281 68) (-224 -281 128) (-224 -249 128) (-224 -249 68)
4 337 338 (-249 -56 68) (-224 -56 68) (-224 -249 68) (-249 -249 68)
4 338 341 (-249 -56 56) (-224 -56 56) (-224 -249 56) (-249 -249 56)
4 339 409 (-224 -59 32) (-224 -56 32) (-176 -56 32) (-176 -59 32)
4 339 341 (-224 -59 56) (-224 -56 56) (-224 -56 32) (-224 -59 32)
4 340 411 (-176 -281 32) (-224 -281 32) (-224 -249 32) (-176 -249 32)
4 340 410 (-224 -249 32) (-224 -107 32) (-176 -107 32) (-176 -249 32)
4 340 341 (-224 -281 32) (-224 -281 56) (-224 -107 56) (-224 -107 32)
4 341 412 (-224 -281 32) (-281 -281 32) (-281 -56 32) (-224 -56 32)
4 342 355 (249 59 32) (224 59 32) (224 59 -52) (249 59 -52)
4 342 354 (281 59 -52) (281 59 32) (249 59 32) (249 59 -52)
4 342 344 (249 59 -52) (224 59 -52) (224 249 -52) (249 249 -52)
4 342 343 (224 281 32) (224 281 -52) (224 107 -52) (224 107 32)
4 343 350 (176 176 -52) (176 107 -52) (176 107 32) (176 176 32)
4 343 348 (176 224 -52) (176 176 -52) (176 176 32) (176 224 32)
4 343 347 (176 249 -52) (176 224 -52) (176 224 32) (176 249 32)
4 343 346 (176 281 32) (176 281 -52) (176 249 -52) (176 249 32)
4 343 345 (176 107 -52) (176 249 -52) (224 249 -52) (224 107 -52)
4 344 355 (224 59 -64) (249 59 -64) (249 59 -52) (224 59 -52)
4 344 345 (224 107 -52) (224 249 -52) (224 249 -64) (224 107 -64)
4 345 350 (176 176 -64) (176 107 -64) (176 107 -52) (176 176 -52)
4 345 348 (176 224 -64) (176 176 -64) (176 176 -52) (176 224 -52)
4 345 347 (176 249 -64) (176 224 -64) (176 224 -52) (176 249 -52)
4 346 371 (56 281 32) (56 281 -52) (56 249 -52) (56 249 32)
4 346 347 (56 249 32) (56 249 -52) (176 249 -52) (176 249 32)
4 347 372 (56 249 -64) (56 224 -64) (56 224 32) (56 249 32)
4 347 349 (56 224 32) (56 224 -64) (59 224 -64) (59 224 32)
4 347 348 (107 224 -64) (176 224 -64) (176 224 32) (107 224 32)
4 348 351 (107 176 -64) (110 176 -64) (110 176 32) (107 176 32)
4 348 350 (110 176 -64) (176 176 -64) (176 176 32) (110 176 32)
4 349 373 (56 224 -64) (56 176 -64) (56 176 32) (56 224 32)
4 349 353 (56 176 32) (56 176 -64) (59 176 -64) (59 176 32)
4 350 358 (110 59 -64) (176 59 -64) (176 59 32) (110 59 32)
4 350 352 (110 98 -64) (110 59 -64) (110 59 32) (110 98 32)
4 350 351 (110 176 32) (110 176 -64) (110 110 -64) (110 110 32)
4 351 353 (98 176 32) (98 176 -64) (98 110 -64) (98 110 32)
4 352 359 (98 59 -64) (104 59 -64) (104 59 32) (98 59 32)
4 352 358 (104 59 -64) (110 59 -64) (110 59 32) (104 59 32)
4 352 353 (98 98 -64) (98 59 -64) (98 59 32) (98 98 32)
4 353 380 (56 104 -64) (56 59 -64) (56 59 -12) (56 104 -12)
4 353 378 (56 59 -2) (56 59 32) (56 104 32) (56 104 -2)
4 353 377 (56 110 -64) (56 104 -64) (56 104 32) (56 110 32)
4 353 376 (56 176 -64) (56 110 -64) (56 110 32) (56 176 32)
4 353 359 (56 59 32) (56 59 -64) (98 59 -64) (98 59 32)
4 354 366 (281 -176 -52) (281 -176 32) (249 -176 32) (249 -176 -52)
4 354 355 (249 59 32) (249 59 -52) (249 -176 -52) (249 -176 32)
4 355 367 (224 -176 -64) (249 -176 -64) (249 -176 -52) (224 -176 -52)
4 355 366 (249 -176 -52) (249 -176 32) (224 -176 32) (224 -176 -52)
4 355 357 (224 -107 -64) (224 -176 -64) (224 -176 32) (224 -107 32)
4 355 356 (224 59 32) (224 59 -64) (224 -59 -64) (224 -59 32)
4 356 362 (176 -56 -64) (176 -59 -64) (176 -59 32) (176 -56 32)
4 356 358 (176 59 32) (176 59 -64) (176 -56 -64) (176 -56 32)
4 357 367 (176 -176 -64) (224 -176 -64) (224 -176 -52) (176 -176 -52)
4 357 366 (224 -176 -52) (224 -176 32) (176 -176 32) (176 -176 -52)
4 357 362 (176 -107 -64) (176 -176 -64) (176 -176 32) (176 -107 32)
4 358 363 (104 -56 -64) (110 -56 -64) (110 -56 32) (104 -56 32)
4 358 362 (110 -56 -64) (176 -56 -64) (176 -56 32) (110 -56 32)
4 358 361 (104 56 -64) (104 -56 -64) (104 -56 -12) (104 56 -12)
4 358 360 (104 -56 -2) (104 -56 32) (104 56 32) (104 56 -2)
4 358 359 (104 59 32) (104 59 -64) (104 56 -64) (104 56 32)
4 359 380 (56 59 -64) (56 56 -64) (56 56 -12) (56 59 -12)
4 359 378 (56 56 -2) (56 56 32) (56 59 32) (56 59 -2)
4 359 361 (56 56 -12) (56 56 -64) (104 56 -64) (104 56 -12)
4 359 360 (56 56 32) (56 56 -2) (104 56 -2) (104 56 32)
4 360 388 (56 -56 -2) (56 -56 32) (56 56 32) (56 56 -2)
4 360 365 (56 -56 32) (56 -56 -2) (98 -56 -2) (98 -56 32)
4 360 363 (98 -56 -2) (104 -56 -2) (104 -56 32) (98 -56 32)
4 361 388 (56 56 -64) (56 -56 -64) (56 -56 -12) (56 56 -12)
4 361 365 (56 -56 -12) (56 -56 -64) (98 -56 -64) (98 -56 -12)
4 361 363 (98 -56 -64) (104 -56 -64) (104 -56 -12) (98 -56 -12)
4 362 367 (110 -176 -64) (176 -176 -64) (176 -176 -52) (110 -176 -52)
4 362 366 (176 -176 -52) (176 -176 32) (110 -176 32) (110 -176 -52)
4 362 364 (110 -110 -64) (110 -176 -64) (110 -176 32) (110 -110 32)
4 362 363 (110 -56 32) (110 -56 -64) (110 -98 -64) (110 -98 32)
4 363 365 (98 -56 32) (98 -56 -64) (98 -98 -64) (98 -98 32)
4 364 367 (107 -176 -64) (110 -176 -64) (110 -176 -52) (107 -176 -52)
4 364 366 (110 -176 -52) (110 -176 32) (107 -176 32) (107 -176 -52)
4 364 365 (98 -110 -64) (98 -176 -64) (98 -176 32) (98 -110 32)
4 365 403 (56 -110 -64) (56 -176 -64) (56 -176 32) (56 -110 32)
4 365 401 (56 -104 -64) (56 -110 -64) (56 -110 32) (56 -104 32)
4 365 399 (56 -56 -64) (56 -104 -64) (56 -104 -12) (56 -56 -12)
4 365 397 (56 -104 -2) (56 -104 32) (56 -56 32) (56 -56 -2)
4 365 368 (56 -176 32) (56 -176 -64) (59 -176 -64) (59 -176 32)
4 366 370 (107 -249 -52) (107 -281 -52) (107 -281 32) (107 -249 32)
4 366 369 (107 -224 -52) (107 -249 -52) (107 -249 32) (107 -224 32)
4 366 367 (107 -249 -52) (107 -176 -52) (249 -176 -52) (249 -249 -52)
4 367 369 (107 -224 -64) (107 -249 -64) (107 -249 -52) (107 -224 -52)
4 368 405 (56 -176 -64) (56 -224 -64) (56 -224 32) (56 -176 32)
4 368 369 (56 -224 32) (56 -224 -64) (59 -224 -64) (59 -224 32)
4 369 407 (56 -224 -64) (56 -249 -64) (56 -249 32) (56 -224 32)
4 369 370 (56 -249 32) (56 -249 -52) (107 -249 -52) (107 -249 32)
4 370 408 (56 -281 -52) (56 -281 32) (56 -249 32) (56 -249 -52)
4 371 374 (-107 281 32) (-107 281 -52) (-107 249 -52) (-107 249 32)
4 371 372 (-107 249 32) (-107 249 -52) (56 249 -52) (56 249 32)
4 372 375 (-107 249 -64) (-107 224 -64) (-107 224 -52) (-107 249 -52)
4 372 374 (-107 224 -52) (-107 224 32) (-107 249 32) (-107 249 -52)
4 372 373 (-59 224 -64) (56 224 -64) (56 224 32) (-59 224 32)
4 373 376 (-59 176 -64) (56 176 -64) (56 176 32) (-59 176 32)
4 374 387 (-281 176 32) (-281 176 -52) (-249 176 -52) (-249 176 32)
4 374 386 (-249 176 -52) (-224 176 -52) (-224 176 32) (-249 176 32)
4 374 384 (-224 176 -52) (-176 176 -52) (-176 176 32) (-224 176 32)
4 374 383 (-176 176 -52) (-110 176 -52) (-110 176 32) (-176 176 32)
4 374 376 (-110 176 -52) (-107 176 -52) (-107 176 32) (-110 176 32)
4 374 375 (-107 249 -52) (-107 176 -52) (-249 176 -52) (-249 249 -52)
4 375 386 (-249 176 -64) (-224 176 -64) (-224 176 -52) (-249 176 -52)
4 375 384 (-224 176 -64) (-176 176 -64) (-176 176 -52) (-224 176 -52)
4 375 383 (-176 176 -64) (-110 176 -64) (-110 176 -52) (-176 176 -52)
4 375 376 (-110 176 -64) (-107 176 -64) (-107 176 -52) (-110 176 -52)
4 376 383 (-110 176 32) (-110 176 -64) (-110 110 -64) (-110 110 32)
4 376 377 (-98 110 -64) (56 110 -64) (56 110 32) (-98 110 32)
4 377 380 (-98 104 -64) (56 104 -64) (56 104 -12) (-98 104 -12)
4 377 378 (56 104 -2) (56 104 32) (-98 104 32) (-98 104 -2)
4 378 393 (-56 56 32) (-98 56 32) (-98 56 -2) (-56 56 -2)
4 378 392 (-48 56 32) (-56 56 32) (-56 56 -2) (-48 56 -2)
4 378 389 (48 56 32) (-48 56 32) (-48 56 -2) (48 56 -2)
4 378 388 (56 56 -2) (56 56 32) (48 56 32) (48 56 -2)
4 378 379 (-98 98 -2) (-98 56 -2) (-98 56 32) (-98 98 32)
4 379 393 (-98 56 32) (-104 56 32) (-104 56 -2) (-98 56 -2)
4 379 382 (-104 56 -2) (-104 56 32) (-104 98 32) (-104 98 -2)
4 380 394 (-98 56 -64) (-56 56 -64) (-56 56 -12) (-98 56 -12)
4 380 392 (-56 56 -64) (-48 56 -64) (-48 56 -12) (-56 56 -12)
4 380 389 (-48 56 -64) (48 56 -64) (48 56 -12) (-48 56 -12)
4 380 388 (48 56 -64) (56 56 -64) (56 56 -12) (48 56 -12)
4 380 381 (-98 56 -64) (-98 56 -12) (-98 98 -12) (-98 98 -64)
4 381 394 (-104 56 -64) (-98 56 -64) (-98 56 -12) (-104 56 -12)
4 381 382 (-104 98 -64) (-104 56 -64) (-104 56 -12) (-104 98 -12)
4 382 395 (-110 56 -64) (-104 56 -64) (-104 56 32) (-110 56 32)
4 382 383 (-110 98 -64) (-110 56 -64) (-110 56 32) (-110 98 32)
4 383 395 (-176 56 -64) (-110 56 -64) (-110 56 32) (-176 56 32)
4 383 385 (-176 59 -64) (-176 56 -64) (-176 56 32) (-176 59 32)
4 383 384 (-176 176 32) (-176 176 -64) (-176 107 -64) (-176 107 32)
4 384 386 (-224 176 32) (-224 176 -64) (-224 107 -64) (-224 107 32)
4 385 395 (-224 56 -64) (-176 56 -64) (-176 56 32) (-224 56 32)
4 385 386 (-224 59 -64) (-224 56 -64) (-224 56 32) (-224 59 32)
4 386 395 (-249 56 -64) (-224 56 -64) (-224 56 32) (-249 56 32)
4 386 387 (-249 176 32) (-249 176 -52) (-249 56 -52) (-249 56 32)
4 387 396 (-281 56 32) (-281 56 -52) (-249 56 -52) (-249 56 32)
4 388 399 (48 -56 -64) (56 -56 -64) (56 -56 -12) (48 -56 -12)
4 388 397 (56 -56 -2) (56 -56 32) (48 -56 32) (48 -56 -2)
4 388 391 (48 -48 -64) (48 -56 -64) (48 -56 32) (48 -48 32)
4 388 390 (48 -48 -48) (48 -48 32) (48 48 32) (48 48 -48)
4 388 389 (48 56 32) (48 56 -64) (48 48 -64) (48 48 32)
4 389 392 (-48 56 32) (-48 56 -64) (-48 48 -64) (-48 48 32)
4 389 390 (-48 48 32) (-48 48 -48) (48 48 -48) (48 48 32)
4 390 392 (-48 -48 -48) (-48 -48 32) (-48 48 32) (-48 48 -48)
4 390 391 (-48 -48 32) (-48 -48 -48) (48 -48 -48) (48 -48 32)
4 391 399 (-48 -56 -64) (48 -56 -64) (48 -56 -12) (-48 -56 -12)
4 391 397 (48 -56 -2) (48 -56 32) (-48 -56 32) (-48 -56 -2)
4 391 392 (-48 -48 -64) (-48 -56 -64) (-48 -56 32) (-48 -48 32)
4 392 399 (-56 -56 -64) (-48 -56 -64) (-48 -56 -12) (-56 -56 -12)
4 392 397 (-48 -56 -2) (-48 -56 32) (-56 -56 32) (-56 -56 -2)
4 392 394 (-56 56 -12) (-56 56 -64) (-56 -56 -64) (-56 -56 -12)
4 392 393 (-56 56 32) (-56 56 -2) (-56 -56 -2) (-56 -56 32)
4 393 398 (-98 -56 32) (-104 -56 32) (-104 -56 -2) (-98 -56 -2)
4 393 397 (-56 -56 -2) (-56 -56 32) (-98 -56 32) (-98 -56 -2)
4 393 395 (-104 56 32) (-104 56 -2) (-104 -56 -2) (-104 -56 32)
4 394 400 (-104 -56 -64) (-98 -56 -64) (-98 -56 -12) (-104 -56 -12)
4 394 399 (-98 -56 -64) (-56 -56 -64) (-56 -56 -12) (-98 -56 -12)
4 394 395 (-104 56 -12) (-104 56 -64) (-104 -56 -64) (-104 -56 -12)
4 395 413 (-249 -56 -64) (-224 -56 -64) (-224 -56 -52) (-249 -56 -52)
4 395 412 (-224 -56 -52) (-224 -56 32) (-249 -56 32) (-249 -56 -52)
4 395 409 (-224 -56 -64) (-176 -56 -64) (-176 -56 32) (-224 -56 32)
4 395 404 (-176 -56 -64) (-110 -56 -64) (-110 -56 32) (-176 -56 32)
4 395 402 (-110 -56 -64) (-104 -56 -64) (-104 -56 32) (-110 -56 32)
4 395 396 (-249 56 32) (-249 56 -52) (-249 -56 -52) (-249 -56 32)
4 396 412 (-281 -56 32) (-281 -56 -52) (-249 -56 -52) (-249 -56 32)
4 397 401 (56 -104 -2) (56 -104 32) (-98 -104 32) (-98 -104 -2)
4 397 398 (-98 -56 32) (-98 -56 -2) (-98 -98 -2) (-98 -98 32)
4 398 402 (-104 -56 32) (-104 -56 -2) (-104 -98 -2) (-104 -98 32)
4 399 401 (-98 -104 -64) (56 -104 -64) (56 -104 -12) (-98 -104 -12)
4 399 400 (-98 -98 -12) (-98 -56 -12) (-98 -56 -64) (-98 -98 -64)
4 400 402 (-104 -56 -12) (-104 -56 -64) (-104 -98 -64) (-104 -98 -12)
4 401 403 (-98 -110 -64) (56 -110 -64) (56 -110 32) (-98 -110 32)
4 402 404 (-110 -56 32) (-110 -56 -64) (-110 -98 -64) (-110 -98 32)
4 403 406 (-110 -176 -64) (-107 -176 -64) (-107 -176 32) (-110 -176 32)
4 403 405 (-59 -176 -64) (56 -176 -64) (56 -176 32) (-59 -176 32)
4 403 404 (-110 -110 -64) (-110 -176 -64) (-110 -176 32) (-110 -110 32)
4 404 410 (-176 -107 -64) (-176 -176 -64) (-176 -176 32) (-176 -107 32)
4 404 409 (-176 -56 32) (-176 -56 -64) (-176 -59 -64) (-176 -59 32)
4 404 406 (-176 -176 32) (-176 -176 -64) (-110 -176 -64) (-110 -176 32)
4 405 407 (-59 -224 -64) (56 -224 -64) (56 -224 32) (-59 -224 32)
4 406 410 (-176 -176 -64) (-176 -224 -64) (-176 -224 32) (-176 -176 32)
4 406 407 (-176 -224 32) (-176 -224 -64) (-107 -224 -64) (-107 -224 32)
4 407 410 (-176 -224 -64) (-176 -249 -64) (-176 -249 32) (-176 -224 32)
4 407 408 (-176 -249 32) (-176 -249 -52) (56 -249 -52) (56 -249 32)
4 408 411 (-176 -281 -52) (-176 -281 32) (-176 -249 32) (-176 -249 -52)
4 409 413 (-224 -56 -52) (-224 -56 -64) (-224 -59 -64) (-224 -59 -52)
4 409 412 (-224 -56 32) (-224 -56 -52) (-224 -59 -52) (-224 -59 32)
4 410 413 (-224 -107 -64) (-224 -249 -64) (-224 -249 -52) (-224 -107 -52)
4 410 412 (-224 -249 -52) (-224 -249 32) (-224 -107 32) (-224 -107 -52)
4 410 411 (-224 -249 32) (-224 -249 -52) (-176 -249 -52) (-176 -249 32)
4 411 412 (-224 -281 -52) (-224 -281 32) (-224 -249 32) (-224 -249 -52)
4 412 413 (-249 -56 -52) (-224 -56 -52) (-224 -249 -52) (-249 -249 -52)
